[ 2015-11-17T08:19:49+08:00 ] 127.0.0.1 /Admin/index.php/Index/index.html
INFO: [ view_parse ] --START--
INFO: ParseTemplate Behavior ::run [ RunTime:0.016291s ]
INFO: [ view_parse ] --END-- [ RunTime:0.016389s ]
INFO: [ view_filter ] --START--
INFO: ContentReplace Behavior ::run [ RunTime:0.000626s ]
INFO: TokenBuild Behavior ::run [ RunTime:0.000558s ]
INFO: WriteHtmlCache Behavior ::run [ RunTime:0.000471s ]
INFO: ShowRuntime Behavior ::run [ RunTime:0.000615s ]
INFO: [ view_filter ] --END-- [ RunTime:0.002477s ]
INFO: [ view_end ] --START--
INFO: ShowPageTrace Behavior ::run [ RunTime:0.000707s ]
INFO: [ view_end ] --END-- [ RunTime:0.000776s ]

[ 2015-11-17T08:19:55+08:00 ] 127.0.0.1 /Admin/index.php/Node/index/?_=1447719594910
INFO: [ app_begin ] --START--
INFO: ReadHtmlCache Behavior ::run [ RunTime:0.000703s ]
INFO: [ app_begin ] --END-- [ RunTime:0.000786s ]
SQL: SHOW COLUMNS FROM `group` [ RunTime:0.003229s ]
SQL: SELECT `id`,`title` FROM `group` WHERE ( status=1 )  [ RunTime:0.000417s ]
SQL: SHOW COLUMNS FROM `node` [ RunTime:0.002401s ]
NOTIC: [8] Undefined index: pid E:\wamp\www\Tp\Admin\Lib\Action\NodeAction.class.php 第 11 行.
SQL: SHOW COLUMNS FROM `node` [ RunTime:0.002263s ]
SQL: SELECT * FROM `node` WHERE ( `id` = 0 ) LIMIT 1   [ RunTime:0.000340s ]
SQL: SELECT COUNT(id) AS tp_count FROM `node` WHERE ( `pid` = 0 ) LIMIT 1   [ RunTime:0.000294s ]
SQL: SELECT * FROM `node` WHERE ( `pid` = 0 ) ORDER BY `id` desc LIMIT 0,20   [ RunTime:0.000373s ]
INFO: [ view_parse ] --START--
NOTIC: [8] Undefined index: _order E:\wamp\www\Tp\Admin\Runtime\Cache\fc73575304ffe6a06a61dd52ee406a2c.php 第 3 行.
NOTIC: [8] Undefined index: _sort E:\wamp\www\Tp\Admin\Runtime\Cache\fc73575304ffe6a06a61dd52ee406a2c.php 第 4 行.
NOTIC: [8] Use of undefined constant __PUBLIC__ - assumed '__PUBLIC__' E:\wamp\www\Tp\Admin\Common\common.php 第 70 行.
INFO: ParseTemplate Behavior ::run [ RunTime:0.027006s ]
INFO: [ view_parse ] --END-- [ RunTime:0.027184s ]
INFO: [ view_filter ] --START--
INFO: ContentReplace Behavior ::run [ RunTime:0.000712s ]
INFO: TokenBuild Behavior ::run [ RunTime:0.000715s ]
INFO: WriteHtmlCache Behavior ::run [ RunTime:0.000606s ]
INFO: ShowRuntime Behavior ::run [ RunTime:0.000948s ]
INFO: [ view_filter ] --END-- [ RunTime:0.003211s ]
INFO: [ view_end ] --START--
INFO: ShowPageTrace Behavior ::run [ RunTime:0.001013s ]
INFO: [ view_end ] --END-- [ RunTime:0.001099s ]

[ 2015-11-17T08:19:55+08:00 ] 127.0.0.1 /Admin/index.php/Role/index/?_=1447719595544
INFO: [ app_begin ] --START--
INFO: ReadHtmlCache Behavior ::run [ RunTime:0.000900s ]
INFO: [ app_begin ] --END-- [ RunTime:0.000978s ]
SQL: SHOW COLUMNS FROM `role` [ RunTime:0.006810s ]
NOTIC: [8] Undefined index: name E:\wamp\www\Tp\Admin\Lib\Action\RoleAction.class.php 第 5 行.
SQL: SELECT COUNT(id) AS tp_count FROM `role` WHERE ( `name` LIKE '%%' ) LIMIT 1   [ RunTime:0.015139s ]
SQL: SELECT * FROM `role` WHERE ( `name` LIKE '%%' ) ORDER BY `id` desc LIMIT 0,20   [ RunTime:0.001645s ]
INFO: [ view_parse ] --START--
NOTIC: [8] Undefined index: _order E:\wamp\www\Tp\Admin\Runtime\Cache\540802f0bd02d0614ae5d372827d97f4.php 第 3 行.
NOTIC: [8] Undefined index: _sort E:\wamp\www\Tp\Admin\Runtime\Cache\540802f0bd02d0614ae5d372827d97f4.php 第 4 行.
NOTIC: [8] Undefined index: _order E:\wamp\www\Tp\Admin\Runtime\Cache\540802f0bd02d0614ae5d372827d97f4.php 第 39 行.
NOTIC: [8] Undefined index: _order E:\wamp\www\Tp\Admin\Runtime\Cache\540802f0bd02d0614ae5d372827d97f4.php 第 41 行.
NOTIC: [8] Use of undefined constant __PUBLIC__ - assumed '__PUBLIC__' E:\wamp\www\Tp\Admin\Common\common.php 第 70 行.
NOTIC: [8] Use of undefined constant __PUBLIC__ - assumed '__PUBLIC__' E:\wamp\www\Tp\Admin\Common\common.php 第 70 行.
NOTIC: [8] Use of undefined constant __PUBLIC__ - assumed '__PUBLIC__' E:\wamp\www\Tp\Admin\Common\common.php 第 70 行.
INFO: ParseTemplate Behavior ::run [ RunTime:0.035014s ]
INFO: [ view_parse ] --END-- [ RunTime:0.035094s ]
INFO: [ view_filter ] --START--
INFO: ContentReplace Behavior ::run [ RunTime:0.000617s ]
INFO: TokenBuild Behavior ::run [ RunTime:0.000558s ]
INFO: WriteHtmlCache Behavior ::run [ RunTime:0.000487s ]
INFO: ShowRuntime Behavior ::run [ RunTime:0.000684s ]
INFO: [ view_filter ] --END-- [ RunTime:0.002520s ]
INFO: [ view_end ] --START--
INFO: ShowPageTrace Behavior ::run [ RunTime:0.000675s ]
INFO: [ view_end ] --END-- [ RunTime:0.000739s ]

[ 2015-11-17T08:19:56+08:00 ] 127.0.0.1 /Admin/index.php/User/index/?_=1447719596169
INFO: [ app_begin ] --START--
INFO: ReadHtmlCache Behavior ::run [ RunTime:0.000648s ]
INFO: [ app_begin ] --END-- [ RunTime:0.000721s ]
SQL: SHOW COLUMNS FROM `user` [ RunTime:0.021954s ]
NOTIC: [8] Undefined index: account E:\wamp\www\Tp\Admin\Lib\Action\UserAction.class.php 第 6 行.
SQL: SELECT COUNT(id) AS tp_count FROM `user` WHERE ( `id` >= 2 ) AND ( `account` LIKE '%%' ) LIMIT 1   [ RunTime:0.000364s ]
SQL: SELECT * FROM `user` WHERE ( `id` >= 2 ) AND ( `account` LIKE '%%' ) ORDER BY `id` desc LIMIT 0,20   [ RunTime:0.000602s ]
INFO: [ view_parse ] --START--
NOTIC: [8] Undefined index: _order E:\wamp\www\Tp\Admin\Runtime\Cache\b281e7303a51708a2850bfab05f89f50.php 第 3 行.
NOTIC: [8] Undefined index: _sort E:\wamp\www\Tp\Admin\Runtime\Cache\b281e7303a51708a2850bfab05f89f50.php 第 4 行.
NOTIC: [8] Undefined index: _order E:\wamp\www\Tp\Admin\Runtime\Cache\b281e7303a51708a2850bfab05f89f50.php 第 41 行.
NOTIC: [8] Undefined index: _order E:\wamp\www\Tp\Admin\Runtime\Cache\b281e7303a51708a2850bfab05f89f50.php 第 42 行.
NOTIC: [8] Undefined index: _order E:\wamp\www\Tp\Admin\Runtime\Cache\b281e7303a51708a2850bfab05f89f50.php 第 43 行.
NOTIC: [8] Undefined index: _order E:\wamp\www\Tp\Admin\Runtime\Cache\b281e7303a51708a2850bfab05f89f50.php 第 44 行.
NOTIC: [8] Undefined index: _order E:\wamp\www\Tp\Admin\Runtime\Cache\b281e7303a51708a2850bfab05f89f50.php 第 45 行.
NOTIC: [8] Undefined index: _order E:\wamp\www\Tp\Admin\Runtime\Cache\b281e7303a51708a2850bfab05f89f50.php 第 46 行.
NOTIC: [8] Undefined index: _order E:\wamp\www\Tp\Admin\Runtime\Cache\b281e7303a51708a2850bfab05f89f50.php 第 47 行.
INFO: ParseTemplate Behavior ::run [ RunTime:0.023854s ]
INFO: [ view_parse ] --END-- [ RunTime:0.023938s ]
INFO: [ view_filter ] --START--
INFO: ContentReplace Behavior ::run [ RunTime:0.001155s ]
INFO: TokenBuild Behavior ::run [ RunTime:0.001042s ]
INFO: WriteHtmlCache Behavior ::run [ RunTime:0.000621s ]
INFO: ShowRuntime Behavior ::run [ RunTime:0.000778s ]
INFO: [ view_filter ] --END-- [ RunTime:0.003818s ]
INFO: [ view_end ] --START--
INFO: ShowPageTrace Behavior ::run [ RunTime:0.000752s ]
INFO: [ view_end ] --END-- [ RunTime:0.000822s ]

