[ 2015-10-20T15:13:34+08:00 ] 127.0.0.1 /Admin/index.php/Index/index.html
INFO: [ view_parse ] --START--
INFO: ParseTemplate Behavior ::run [ RunTime:0.025493s ]
INFO: [ view_parse ] --END-- [ RunTime:0.025607s ]
INFO: [ view_filter ] --START--
INFO: ContentReplace Behavior ::run [ RunTime:0.000780s ]
INFO: TokenBuild Behavior ::run [ RunTime:0.000768s ]
INFO: WriteHtmlCache Behavior ::run [ RunTime:0.000601s ]
INFO: ShowRuntime Behavior ::run [ RunTime:0.000875s ]
INFO: [ view_filter ] --END-- [ RunTime:0.003231s ]
INFO: [ view_end ] --START--
INFO: ShowPageTrace Behavior ::run [ RunTime:0.000942s ]
INFO: [ view_end ] --END-- [ RunTime:0.001023s ]

[ 2015-10-20T15:15:25+08:00 ] 127.0.0.1 /Admin/index.php/Index/index.html
INFO: [ view_parse ] --START--
INFO: ParseTemplate Behavior ::run [ RunTime:0.009732s ]
INFO: [ view_parse ] --END-- [ RunTime:0.009832s ]
INFO: [ view_filter ] --START--
INFO: ContentReplace Behavior ::run [ RunTime:0.000534s ]
INFO: TokenBuild Behavior ::run [ RunTime:0.000430s ]
INFO: WriteHtmlCache Behavior ::run [ RunTime:0.000461s ]
INFO: ShowRuntime Behavior ::run [ RunTime:0.000686s ]
INFO: [ view_filter ] --END-- [ RunTime:0.002330s ]
INFO: [ view_end ] --START--
INFO: ShowPageTrace Behavior ::run [ RunTime:0.000774s ]
INFO: [ view_end ] --END-- [ RunTime:0.000859s ]

[ 2015-10-20T15:15:34+08:00 ] 127.0.0.1 /Admin/index.php/Node/index/?_=1445325334886
INFO: [ app_begin ] --START--
INFO: ReadHtmlCache Behavior ::run [ RunTime:0.000505s ]
INFO: [ app_begin ] --END-- [ RunTime:0.000572s ]
SQL: SHOW COLUMNS FROM `group` [ RunTime:0.006965s ]
SQL: SELECT `id`,`title` FROM `group` WHERE ( status=1 )  [ RunTime:0.000294s ]
SQL: SHOW COLUMNS FROM `node` [ RunTime:0.002660s ]
NOTIC: [8] Undefined index: pid E:\wamp\www\Tp\Admin\Lib\Action\NodeAction.class.php 第 11 行.
SQL: SHOW COLUMNS FROM `node` [ RunTime:0.003177s ]
SQL: SELECT * FROM `node` WHERE ( `id` = 0 ) LIMIT 1   [ RunTime:0.000311s ]
SQL: SELECT COUNT(id) AS tp_count FROM `node` WHERE ( `pid` = 0 ) LIMIT 1   [ RunTime:0.000331s ]
SQL: SELECT * FROM `node` WHERE ( `pid` = 0 ) ORDER BY `id` desc LIMIT 0,20   [ RunTime:0.000475s ]
INFO: [ view_parse ] --START--
NOTIC: [8] Undefined index: _order E:\wamp\www\Tp\Admin\Runtime\Cache\fc73575304ffe6a06a61dd52ee406a2c.php 第 3 行.
NOTIC: [8] Undefined index: _sort E:\wamp\www\Tp\Admin\Runtime\Cache\fc73575304ffe6a06a61dd52ee406a2c.php 第 4 行.
NOTIC: [8] Use of undefined constant __PUBLIC__ - assumed '__PUBLIC__' E:\wamp\www\Tp\Admin\Common\common.php 第 70 行.
INFO: ParseTemplate Behavior ::run [ RunTime:0.011275s ]
INFO: [ view_parse ] --END-- [ RunTime:0.011357s ]
INFO: [ view_filter ] --START--
INFO: ContentReplace Behavior ::run [ RunTime:0.000453s ]
INFO: TokenBuild Behavior ::run [ RunTime:0.000418s ]
INFO: WriteHtmlCache Behavior ::run [ RunTime:0.000332s ]
INFO: ShowRuntime Behavior ::run [ RunTime:0.000550s ]
INFO: [ view_filter ] --END-- [ RunTime:0.001924s ]
INFO: [ view_end ] --START--
INFO: ShowPageTrace Behavior ::run [ RunTime:0.000515s ]
INFO: [ view_end ] --END-- [ RunTime:0.000573s ]

[ 2015-10-20T15:15:35+08:00 ] 127.0.0.1 /Admin/index.php/Role/index/?_=1445325335612
INFO: [ app_begin ] --START--
INFO: ReadHtmlCache Behavior ::run [ RunTime:0.000509s ]
INFO: [ app_begin ] --END-- [ RunTime:0.000575s ]
SQL: SHOW COLUMNS FROM `role` [ RunTime:0.020406s ]
NOTIC: [8] Undefined index: name E:\wamp\www\Tp\Admin\Lib\Action\RoleAction.class.php 第 5 行.
SQL: SELECT COUNT(id) AS tp_count FROM `role` WHERE ( `name` LIKE '%%' ) LIMIT 1   [ RunTime:0.000319s ]
SQL: SELECT * FROM `role` WHERE ( `name` LIKE '%%' ) ORDER BY `id` desc LIMIT 0,20   [ RunTime:0.000269s ]
INFO: [ view_parse ] --START--
NOTIC: [8] Undefined index: _order E:\wamp\www\Tp\Admin\Runtime\Cache\540802f0bd02d0614ae5d372827d97f4.php 第 3 行.
NOTIC: [8] Undefined index: _sort E:\wamp\www\Tp\Admin\Runtime\Cache\540802f0bd02d0614ae5d372827d97f4.php 第 4 行.
NOTIC: [8] Undefined index: _order E:\wamp\www\Tp\Admin\Runtime\Cache\540802f0bd02d0614ae5d372827d97f4.php 第 39 行.
NOTIC: [8] Undefined index: _order E:\wamp\www\Tp\Admin\Runtime\Cache\540802f0bd02d0614ae5d372827d97f4.php 第 41 行.
NOTIC: [8] Use of undefined constant __PUBLIC__ - assumed '__PUBLIC__' E:\wamp\www\Tp\Admin\Common\common.php 第 70 行.
NOTIC: [8] Use of undefined constant __PUBLIC__ - assumed '__PUBLIC__' E:\wamp\www\Tp\Admin\Common\common.php 第 70 行.
NOTIC: [8] Use of undefined constant __PUBLIC__ - assumed '__PUBLIC__' E:\wamp\www\Tp\Admin\Common\common.php 第 70 行.
INFO: ParseTemplate Behavior ::run [ RunTime:0.034485s ]
INFO: [ view_parse ] --END-- [ RunTime:0.034568s ]
INFO: [ view_filter ] --START--
INFO: ContentReplace Behavior ::run [ RunTime:0.000515s ]
INFO: TokenBuild Behavior ::run [ RunTime:0.000437s ]
INFO: WriteHtmlCache Behavior ::run [ RunTime:0.000340s ]
INFO: ShowRuntime Behavior ::run [ RunTime:0.000566s ]
INFO: [ view_filter ] --END-- [ RunTime:0.002035s ]
INFO: [ view_end ] --START--
INFO: ShowPageTrace Behavior ::run [ RunTime:0.000518s ]
INFO: [ view_end ] --END-- [ RunTime:0.000578s ]

[ 2015-10-20T15:15:36+08:00 ] 127.0.0.1 /Admin/index.php/User/index/?_=1445325336127
INFO: [ app_begin ] --START--
INFO: ReadHtmlCache Behavior ::run [ RunTime:0.000550s ]
INFO: [ app_begin ] --END-- [ RunTime:0.000623s ]
SQL: SHOW COLUMNS FROM `user` [ RunTime:0.005147s ]
NOTIC: [8] Undefined index: account E:\wamp\www\Tp\Admin\Lib\Action\UserAction.class.php 第 6 行.
SQL: SELECT COUNT(id) AS tp_count FROM `user` WHERE ( `id` >= 2 ) AND ( `account` LIKE '%%' ) LIMIT 1   [ RunTime:0.003268s ]
SQL: SELECT * FROM `user` WHERE ( `id` >= 2 ) AND ( `account` LIKE '%%' ) ORDER BY `id` desc LIMIT 0,20   [ RunTime:0.000632s ]
INFO: [ view_parse ] --START--
NOTIC: [8] Undefined index: _order E:\wamp\www\Tp\Admin\Runtime\Cache\b281e7303a51708a2850bfab05f89f50.php 第 3 行.
NOTIC: [8] Undefined index: _sort E:\wamp\www\Tp\Admin\Runtime\Cache\b281e7303a51708a2850bfab05f89f50.php 第 4 行.
NOTIC: [8] Undefined index: _order E:\wamp\www\Tp\Admin\Runtime\Cache\b281e7303a51708a2850bfab05f89f50.php 第 41 行.
NOTIC: [8] Undefined index: _order E:\wamp\www\Tp\Admin\Runtime\Cache\b281e7303a51708a2850bfab05f89f50.php 第 42 行.
NOTIC: [8] Undefined index: _order E:\wamp\www\Tp\Admin\Runtime\Cache\b281e7303a51708a2850bfab05f89f50.php 第 43 行.
NOTIC: [8] Undefined index: _order E:\wamp\www\Tp\Admin\Runtime\Cache\b281e7303a51708a2850bfab05f89f50.php 第 44 行.
NOTIC: [8] Undefined index: _order E:\wamp\www\Tp\Admin\Runtime\Cache\b281e7303a51708a2850bfab05f89f50.php 第 45 行.
NOTIC: [8] Undefined index: _order E:\wamp\www\Tp\Admin\Runtime\Cache\b281e7303a51708a2850bfab05f89f50.php 第 46 行.
NOTIC: [8] Undefined index: _order E:\wamp\www\Tp\Admin\Runtime\Cache\b281e7303a51708a2850bfab05f89f50.php 第 47 行.
INFO: ParseTemplate Behavior ::run [ RunTime:0.017592s ]
INFO: [ view_parse ] --END-- [ RunTime:0.017680s ]
INFO: [ view_filter ] --START--
INFO: ContentReplace Behavior ::run [ RunTime:0.000505s ]
INFO: TokenBuild Behavior ::run [ RunTime:0.000426s ]
INFO: WriteHtmlCache Behavior ::run [ RunTime:0.000357s ]
INFO: ShowRuntime Behavior ::run [ RunTime:0.000552s ]
INFO: [ view_filter ] --END-- [ RunTime:0.002010s ]
INFO: [ view_end ] --START--
INFO: ShowPageTrace Behavior ::run [ RunTime:0.000675s ]
INFO: [ view_end ] --END-- [ RunTime:0.000740s ]

[ 2015-10-20T15:15:56+08:00 ] 127.0.0.1 /Admin/index.php/Index/index.html
INFO: [ view_parse ] --START--
INFO: ParseTemplate Behavior ::run [ RunTime:0.009580s ]
INFO: [ view_parse ] --END-- [ RunTime:0.009692s ]
INFO: [ view_filter ] --START--
INFO: ContentReplace Behavior ::run [ RunTime:0.000487s ]
INFO: TokenBuild Behavior ::run [ RunTime:0.000595s ]
INFO: WriteHtmlCache Behavior ::run [ RunTime:0.000351s ]
INFO: ShowRuntime Behavior ::run [ RunTime:0.000498s ]
INFO: [ view_filter ] --END-- [ RunTime:0.002139s ]
INFO: [ view_end ] --START--
INFO: ShowPageTrace Behavior ::run [ RunTime:0.000541s ]
INFO: [ view_end ] --END-- [ RunTime:0.000612s ]

[ 2015-10-20T18:11:27+08:00 ] 127.0.0.1 /Admin/index.php/Index/index.html
INFO: [ view_parse ] --START--
INFO: ParseTemplate Behavior ::run [ RunTime:0.010399s ]
INFO: [ view_parse ] --END-- [ RunTime:0.010511s ]
INFO: [ view_filter ] --START--
INFO: ContentReplace Behavior ::run [ RunTime:0.000555s ]
INFO: TokenBuild Behavior ::run [ RunTime:0.000491s ]
INFO: WriteHtmlCache Behavior ::run [ RunTime:0.000400s ]
INFO: ShowRuntime Behavior ::run [ RunTime:0.000547s ]
INFO: [ view_filter ] --END-- [ RunTime:0.002192s ]
INFO: [ view_end ] --START--
INFO: ShowPageTrace Behavior ::run [ RunTime:0.000607s ]
INFO: [ view_end ] --END-- [ RunTime:0.000676s ]

[ 2015-10-20T18:11:29+08:00 ] 127.0.0.1 /Admin/index.php/Node/index/?_=1445335888936
INFO: [ app_begin ] --START--
INFO: ReadHtmlCache Behavior ::run [ RunTime:0.000750s ]
INFO: [ app_begin ] --END-- [ RunTime:0.000837s ]
SQL: SHOW COLUMNS FROM `group` [ RunTime:0.003649s ]
SQL: SELECT `id`,`title` FROM `group` WHERE ( status=1 )  [ RunTime:0.000635s ]
SQL: SHOW COLUMNS FROM `node` [ RunTime:0.005830s ]
NOTIC: [8] Undefined index: pid E:\wamp\www\Tp\Admin\Lib\Action\NodeAction.class.php 第 11 行.
SQL: SHOW COLUMNS FROM `node` [ RunTime:0.003297s ]
SQL: SELECT * FROM `node` WHERE ( `id` = 0 ) LIMIT 1   [ RunTime:0.000269s ]
SQL: SELECT COUNT(id) AS tp_count FROM `node` WHERE ( `pid` = 0 ) LIMIT 1   [ RunTime:0.000210s ]
SQL: SELECT * FROM `node` WHERE ( `pid` = 0 ) ORDER BY `id` desc LIMIT 0,20   [ RunTime:0.000413s ]
INFO: [ view_parse ] --START--
NOTIC: [8] Undefined index: _order E:\wamp\www\Tp\Admin\Runtime\Cache\fc73575304ffe6a06a61dd52ee406a2c.php 第 3 行.
NOTIC: [8] Undefined index: _sort E:\wamp\www\Tp\Admin\Runtime\Cache\fc73575304ffe6a06a61dd52ee406a2c.php 第 4 行.
NOTIC: [8] Use of undefined constant __PUBLIC__ - assumed '__PUBLIC__' E:\wamp\www\Tp\Admin\Common\common.php 第 70 行.
INFO: ParseTemplate Behavior ::run [ RunTime:0.008588s ]
INFO: [ view_parse ] --END-- [ RunTime:0.008666s ]
INFO: [ view_filter ] --START--
INFO: ContentReplace Behavior ::run [ RunTime:0.000528s ]
INFO: TokenBuild Behavior ::run [ RunTime:0.000486s ]
INFO: WriteHtmlCache Behavior ::run [ RunTime:0.000481s ]
INFO: ShowRuntime Behavior ::run [ RunTime:0.000617s ]
INFO: [ view_filter ] --END-- [ RunTime:0.002288s ]
INFO: [ view_end ] --START--
INFO: ShowPageTrace Behavior ::run [ RunTime:0.000601s ]
INFO: [ view_end ] --END-- [ RunTime:0.000662s ]

[ 2015-10-20T18:11:32+08:00 ] 127.0.0.1 /Admin/index.php/Node/add?_=1445335892547
INFO: [ app_begin ] --START--
INFO: ReadHtmlCache Behavior ::run [ RunTime:0.000573s ]
INFO: [ app_begin ] --END-- [ RunTime:0.000640s ]
SQL: SHOW COLUMNS FROM `group` [ RunTime:0.004499s ]
SQL: SELECT * FROM `group` WHERE ( status=1 )  [ RunTime:0.000290s ]
SQL: SHOW COLUMNS FROM `node` [ RunTime:0.003254s ]
SQL: SELECT * FROM `node` WHERE ( `id` = 0 ) LIMIT 1   [ RunTime:0.000241s ]
INFO: [ view_parse ] --START--
INFO: ParseTemplate Behavior ::run [ RunTime:0.019068s ]
INFO: [ view_parse ] --END-- [ RunTime:0.019170s ]
INFO: [ view_filter ] --START--
INFO: ContentReplace Behavior ::run [ RunTime:0.000508s ]
INFO: TokenBuild Behavior ::run [ RunTime:0.000482s ]
INFO: WriteHtmlCache Behavior ::run [ RunTime:0.000379s ]
INFO: ShowRuntime Behavior ::run [ RunTime:0.000617s ]
INFO: [ view_filter ] --END-- [ RunTime:0.002160s ]
INFO: [ view_end ] --START--
INFO: ShowPageTrace Behavior ::run [ RunTime:0.000606s ]
INFO: [ view_end ] --END-- [ RunTime:0.000666s ]

[ 2015-10-20T18:11:35+08:00 ] 127.0.0.1 /Admin/index.php/Node/index/?_=1445335895454
INFO: [ app_begin ] --START--
INFO: ReadHtmlCache Behavior ::run [ RunTime:0.000567s ]
INFO: [ app_begin ] --END-- [ RunTime:0.000635s ]
SQL: SHOW COLUMNS FROM `group` [ RunTime:0.004280s ]
SQL: SELECT `id`,`title` FROM `group` WHERE ( status=1 )  [ RunTime:0.000235s ]
SQL: SHOW COLUMNS FROM `node` [ RunTime:0.005774s ]
NOTIC: [8] Undefined index: pid E:\wamp\www\Tp\Admin\Lib\Action\NodeAction.class.php 第 11 行.
SQL: SHOW COLUMNS FROM `node` [ RunTime:0.006386s ]
SQL: SELECT * FROM `node` WHERE ( `id` = 0 ) LIMIT 1   [ RunTime:0.000936s ]
SQL: SELECT COUNT(id) AS tp_count FROM `node` WHERE ( `pid` = 0 ) LIMIT 1   [ RunTime:0.000226s ]
SQL: SELECT * FROM `node` WHERE ( `pid` = 0 ) ORDER BY `id` desc LIMIT 0,20   [ RunTime:0.000276s ]
INFO: [ view_parse ] --START--
NOTIC: [8] Undefined index: _order E:\wamp\www\Tp\Admin\Runtime\Cache\fc73575304ffe6a06a61dd52ee406a2c.php 第 3 行.
NOTIC: [8] Undefined index: _sort E:\wamp\www\Tp\Admin\Runtime\Cache\fc73575304ffe6a06a61dd52ee406a2c.php 第 4 行.
NOTIC: [8] Use of undefined constant __PUBLIC__ - assumed '__PUBLIC__' E:\wamp\www\Tp\Admin\Common\common.php 第 70 行.
INFO: ParseTemplate Behavior ::run [ RunTime:0.008826s ]
INFO: [ view_parse ] --END-- [ RunTime:0.008900s ]
INFO: [ view_filter ] --START--
INFO: ContentReplace Behavior ::run [ RunTime:0.000521s ]
INFO: TokenBuild Behavior ::run [ RunTime:0.000505s ]
INFO: WriteHtmlCache Behavior ::run [ RunTime:0.000403s ]
INFO: ShowRuntime Behavior ::run [ RunTime:0.000620s ]
INFO: [ view_filter ] --END-- [ RunTime:0.002224s ]
INFO: [ view_end ] --START--
INFO: ShowPageTrace Behavior ::run [ RunTime:0.000594s ]
INFO: [ view_end ] --END-- [ RunTime:0.000654s ]

[ 2015-10-20T18:11:39+08:00 ] 127.0.0.1 /Admin/index.php/Node/index/pid/1/?_=1445335899768
INFO: [ app_begin ] --START--
INFO: ReadHtmlCache Behavior ::run [ RunTime:0.000553s ]
INFO: [ app_begin ] --END-- [ RunTime:0.000621s ]
SQL: SHOW COLUMNS FROM `group` [ RunTime:0.005009s ]
SQL: SELECT `id`,`title` FROM `group` WHERE ( status=1 )  [ RunTime:0.000259s ]
SQL: SHOW COLUMNS FROM `node` [ RunTime:0.003953s ]
SQL: SHOW COLUMNS FROM `node` [ RunTime:0.007292s ]
SQL: SELECT * FROM `node` WHERE ( `id` = 1 ) LIMIT 1   [ RunTime:0.000296s ]
SQL: SELECT COUNT(id) AS tp_count FROM `node` WHERE ( `pid` = 1 ) LIMIT 1   [ RunTime:0.000218s ]
SQL: SELECT * FROM `node` WHERE ( `pid` = 1 ) ORDER BY `id` desc LIMIT 0,20   [ RunTime:0.000300s ]
INFO: [ view_parse ] --START--
NOTIC: [8] Undefined index: _order E:\wamp\www\Tp\Admin\Runtime\Cache\fc73575304ffe6a06a61dd52ee406a2c.php 第 3 行.
NOTIC: [8] Undefined index: _sort E:\wamp\www\Tp\Admin\Runtime\Cache\fc73575304ffe6a06a61dd52ee406a2c.php 第 4 行.
NOTIC: [8] Use of undefined constant __PUBLIC__ - assumed '__PUBLIC__' E:\wamp\www\Tp\Admin\Common\common.php 第 70 行.
NOTIC: [8] Use of undefined constant __PUBLIC__ - assumed '__PUBLIC__' E:\wamp\www\Tp\Admin\Common\common.php 第 70 行.
SQL: SHOW COLUMNS FROM `group` [ RunTime:0.002718s ]
SQL: SELECT `id`,`title` FROM `group`  [ RunTime:0.000204s ]
NOTIC: [8] Use of undefined constant __PUBLIC__ - assumed '__PUBLIC__' E:\wamp\www\Tp\Admin\Common\common.php 第 70 行.
NOTIC: [8] Use of undefined constant __PUBLIC__ - assumed '__PUBLIC__' E:\wamp\www\Tp\Admin\Common\common.php 第 70 行.
NOTIC: [8] Use of undefined constant __PUBLIC__ - assumed '__PUBLIC__' E:\wamp\www\Tp\Admin\Common\common.php 第 70 行.
INFO: ParseTemplate Behavior ::run [ RunTime:0.012735s ]
INFO: [ view_parse ] --END-- [ RunTime:0.012800s ]
INFO: [ view_filter ] --START--
INFO: ContentReplace Behavior ::run [ RunTime:0.000612s ]
INFO: TokenBuild Behavior ::run [ RunTime:0.000528s ]
INFO: WriteHtmlCache Behavior ::run [ RunTime:0.000375s ]
INFO: ShowRuntime Behavior ::run [ RunTime:0.000624s ]
INFO: [ view_filter ] --END-- [ RunTime:0.002310s ]
INFO: [ view_end ] --START--
INFO: ShowPageTrace Behavior ::run [ RunTime:0.000613s ]
INFO: [ view_end ] --END-- [ RunTime:0.000673s ]

[ 2015-10-20T18:11:50+08:00 ] 127.0.0.1 /Admin/index.php/Node/add?_=1445335910121
INFO: [ app_begin ] --START--
INFO: ReadHtmlCache Behavior ::run [ RunTime:0.000565s ]
INFO: [ app_begin ] --END-- [ RunTime:0.000631s ]
SQL: SHOW COLUMNS FROM `group` [ RunTime:0.003583s ]
SQL: SELECT * FROM `group` WHERE ( status=1 )  [ RunTime:0.000248s ]
SQL: SHOW COLUMNS FROM `node` [ RunTime:0.004010s ]
SQL: SELECT * FROM `node` WHERE ( `id` = 1 ) LIMIT 1   [ RunTime:0.001045s ]
INFO: [ view_parse ] --START--
INFO: ParseTemplate Behavior ::run [ RunTime:0.006863s ]
INFO: [ view_parse ] --END-- [ RunTime:0.006956s ]
INFO: [ view_filter ] --START--
INFO: ContentReplace Behavior ::run [ RunTime:0.000494s ]
INFO: TokenBuild Behavior ::run [ RunTime:0.000477s ]
INFO: WriteHtmlCache Behavior ::run [ RunTime:0.000379s ]
INFO: ShowRuntime Behavior ::run [ RunTime:0.000613s ]
INFO: [ view_filter ] --END-- [ RunTime:0.002135s ]
INFO: [ view_end ] --START--
INFO: ShowPageTrace Behavior ::run [ RunTime:0.000604s ]
INFO: [ view_end ] --END-- [ RunTime:0.000673s ]

[ 2015-10-20T18:12:17+08:00 ] 127.0.0.1 /Admin/index.php/Node/insert/navTabId/Node?callbackType=closeCurrent
INFO: [ app_begin ] --START--
INFO: ReadHtmlCache Behavior ::run [ RunTime:0.000569s ]
INFO: [ app_begin ] --END-- [ RunTime:0.000640s ]
SQL: SHOW COLUMNS FROM `node` [ RunTime:0.004385s ]
SQL: SELECT `id` FROM `node` WHERE ( `name` = 'Email' ) AND ( `pid` = 1 ) AND ( `status` = 1 ) LIMIT 1   [ RunTime:0.000601s ]
SQL: INSERT INTO `node` (`level`,`pid`,`name`,`title`,`group_id`,`status`,`remark`) VALUES (2,1,'Email','邮件抓取',2,1,'') [ RunTime:0.037987s ]
NOTIC: [8] Undefined index: rel E:\wamp\www\Tp\ThinkPHP\Lib\Core\Action.class.php 第 377 行.
NOTIC: [8] Undefined index: forwardUrl E:\wamp\www\Tp\ThinkPHP\Lib\Core\Action.class.php 第 379 行.
NOTIC: [8] Undefined index: confirmMsg E:\wamp\www\Tp\ThinkPHP\Lib\Core\Action.class.php 第 380 行.

[ 2015-10-20T18:12:18+08:00 ] 127.0.0.1 /Admin/index.php/Node/index/pid/1/
INFO: [ app_begin ] --START--
INFO: ReadHtmlCache Behavior ::run [ RunTime:0.000528s ]
INFO: [ app_begin ] --END-- [ RunTime:0.000598s ]
SQL: SHOW COLUMNS FROM `group` [ RunTime:0.005766s ]
SQL: SELECT `id`,`title` FROM `group` WHERE ( status=1 )  [ RunTime:0.000334s ]
SQL: SHOW COLUMNS FROM `node` [ RunTime:0.002744s ]
SQL: SHOW COLUMNS FROM `node` [ RunTime:0.002831s ]
SQL: SELECT * FROM `node` WHERE ( `id` = 1 ) LIMIT 1   [ RunTime:0.000312s ]
SQL: SELECT COUNT(id) AS tp_count FROM `node` WHERE ( `pid` = 1 ) LIMIT 1   [ RunTime:0.000190s ]
SQL: SELECT * FROM `node` WHERE ( `pid` = 1 ) ORDER BY `id` desc LIMIT 0,20   [ RunTime:0.000346s ]
INFO: [ view_parse ] --START--
NOTIC: [8] Use of undefined constant __PUBLIC__ - assumed '__PUBLIC__' E:\wamp\www\Tp\Admin\Common\common.php 第 70 行.
NOTIC: [8] Use of undefined constant __PUBLIC__ - assumed '__PUBLIC__' E:\wamp\www\Tp\Admin\Common\common.php 第 70 行.
NOTIC: [8] Use of undefined constant __PUBLIC__ - assumed '__PUBLIC__' E:\wamp\www\Tp\Admin\Common\common.php 第 70 行.
NOTIC: [8] Use of undefined constant __PUBLIC__ - assumed '__PUBLIC__' E:\wamp\www\Tp\Admin\Common\common.php 第 70 行.
NOTIC: [8] Use of undefined constant __PUBLIC__ - assumed '__PUBLIC__' E:\wamp\www\Tp\Admin\Common\common.php 第 70 行.
NOTIC: [8] Use of undefined constant __PUBLIC__ - assumed '__PUBLIC__' E:\wamp\www\Tp\Admin\Common\common.php 第 70 行.
INFO: ParseTemplate Behavior ::run [ RunTime:0.008472s ]
INFO: [ view_parse ] --END-- [ RunTime:0.008549s ]
INFO: [ view_filter ] --START--
INFO: ContentReplace Behavior ::run [ RunTime:0.000453s ]
INFO: TokenBuild Behavior ::run [ RunTime:0.000427s ]
INFO: WriteHtmlCache Behavior ::run [ RunTime:0.000426s ]
INFO: ShowRuntime Behavior ::run [ RunTime:0.000569s ]
INFO: [ view_filter ] --END-- [ RunTime:0.002058s ]
INFO: [ view_end ] --START--
INFO: ShowPageTrace Behavior ::run [ RunTime:0.001305s ]
INFO: [ view_end ] --END-- [ RunTime:0.001373s ]

[ 2015-10-20T18:12:22+08:00 ] 127.0.0.1 /Admin/index.php/Index/index.html
INFO: [ view_parse ] --START--
INFO: ParseTemplate Behavior ::run [ RunTime:0.010084s ]
INFO: [ view_parse ] --END-- [ RunTime:0.010187s ]
INFO: [ view_filter ] --START--
INFO: ContentReplace Behavior ::run [ RunTime:0.000427s ]
INFO: TokenBuild Behavior ::run [ RunTime:0.000431s ]
INFO: WriteHtmlCache Behavior ::run [ RunTime:0.000339s ]
INFO: ShowRuntime Behavior ::run [ RunTime:0.000387s ]
INFO: [ view_filter ] --END-- [ RunTime:0.001780s ]
INFO: [ view_end ] --START--
INFO: ShowPageTrace Behavior ::run [ RunTime:0.000560s ]
INFO: [ view_end ] --END-- [ RunTime:0.000629s ]

[ 2015-10-20T18:12:23+08:00 ] 127.0.0.1 /Admin/index.php/Email/index/?_=1445335943842
INFO: [ app_begin ] --START--
INFO: ReadHtmlCache Behavior ::run [ RunTime:0.000597s ]
INFO: [ app_begin ] --END-- [ RunTime:0.000668s ]
ERR: 无法加载模块:Email

[ 2015-10-20T18:12:28+08:00 ] 127.0.0.1 /Admin/index.php/Index/index.html
INFO: [ view_parse ] --START--
INFO: ParseTemplate Behavior ::run [ RunTime:0.010870s ]
INFO: [ view_parse ] --END-- [ RunTime:0.010986s ]
INFO: [ view_filter ] --START--
INFO: ContentReplace Behavior ::run [ RunTime:0.000563s ]
INFO: TokenBuild Behavior ::run [ RunTime:0.000497s ]
INFO: WriteHtmlCache Behavior ::run [ RunTime:0.000400s ]
INFO: ShowRuntime Behavior ::run [ RunTime:0.000552s ]
INFO: [ view_filter ] --END-- [ RunTime:0.002217s ]
INFO: [ view_end ] --START--
INFO: ShowPageTrace Behavior ::run [ RunTime:0.000629s ]
INFO: [ view_end ] --END-- [ RunTime:0.000699s ]

[ 2015-10-20T18:12:30+08:00 ] 127.0.0.1 /Admin/index.php/User/index/?_=1445335950483
INFO: [ app_begin ] --START--
INFO: ReadHtmlCache Behavior ::run [ RunTime:0.000550s ]
INFO: [ app_begin ] --END-- [ RunTime:0.000619s ]
SQL: SHOW COLUMNS FROM `user` [ RunTime:0.013761s ]
NOTIC: [8] Undefined index: account E:\wamp\www\Tp\Admin\Lib\Action\UserAction.class.php 第 6 行.
SQL: SELECT COUNT(id) AS tp_count FROM `user` WHERE ( `id` >= 2 ) AND ( `account` LIKE '%%' ) LIMIT 1   [ RunTime:0.000317s ]
SQL: SELECT * FROM `user` WHERE ( `id` >= 2 ) AND ( `account` LIKE '%%' ) ORDER BY `id` desc LIMIT 0,20   [ RunTime:0.000326s ]
INFO: [ view_parse ] --START--
NOTIC: [8] Undefined index: _order E:\wamp\www\Tp\Admin\Runtime\Cache\b281e7303a51708a2850bfab05f89f50.php 第 3 行.
NOTIC: [8] Undefined index: _sort E:\wamp\www\Tp\Admin\Runtime\Cache\b281e7303a51708a2850bfab05f89f50.php 第 4 行.
NOTIC: [8] Undefined index: _order E:\wamp\www\Tp\Admin\Runtime\Cache\b281e7303a51708a2850bfab05f89f50.php 第 41 行.
NOTIC: [8] Undefined index: _order E:\wamp\www\Tp\Admin\Runtime\Cache\b281e7303a51708a2850bfab05f89f50.php 第 42 行.
NOTIC: [8] Undefined index: _order E:\wamp\www\Tp\Admin\Runtime\Cache\b281e7303a51708a2850bfab05f89f50.php 第 43 行.
NOTIC: [8] Undefined index: _order E:\wamp\www\Tp\Admin\Runtime\Cache\b281e7303a51708a2850bfab05f89f50.php 第 44 行.
NOTIC: [8] Undefined index: _order E:\wamp\www\Tp\Admin\Runtime\Cache\b281e7303a51708a2850bfab05f89f50.php 第 45 行.
NOTIC: [8] Undefined index: _order E:\wamp\www\Tp\Admin\Runtime\Cache\b281e7303a51708a2850bfab05f89f50.php 第 46 行.
NOTIC: [8] Undefined index: _order E:\wamp\www\Tp\Admin\Runtime\Cache\b281e7303a51708a2850bfab05f89f50.php 第 47 行.
INFO: ParseTemplate Behavior ::run [ RunTime:0.010710s ]
INFO: [ view_parse ] --END-- [ RunTime:0.010784s ]
INFO: [ view_filter ] --START--
INFO: ContentReplace Behavior ::run [ RunTime:0.000489s ]
INFO: TokenBuild Behavior ::run [ RunTime:0.000436s ]
INFO: WriteHtmlCache Behavior ::run [ RunTime:0.000335s ]
INFO: ShowRuntime Behavior ::run [ RunTime:0.000549s ]
INFO: [ view_filter ] --END-- [ RunTime:0.001977s ]
INFO: [ view_end ] --START--
INFO: ShowPageTrace Behavior ::run [ RunTime:0.000563s ]
INFO: [ view_end ] --END-- [ RunTime:0.000622s ]

[ 2015-10-20T18:12:31+08:00 ] 127.0.0.1 /Admin/index.php/Node/index/?_=1445335950985
INFO: [ app_begin ] --START--
INFO: ReadHtmlCache Behavior ::run [ RunTime:0.000524s ]
INFO: [ app_begin ] --END-- [ RunTime:0.000593s ]
SQL: SHOW COLUMNS FROM `group` [ RunTime:0.010644s ]
SQL: SELECT `id`,`title` FROM `group` WHERE ( status=1 )  [ RunTime:0.000293s ]
SQL: SHOW COLUMNS FROM `node` [ RunTime:0.002744s ]
NOTIC: [8] Undefined index: pid E:\wamp\www\Tp\Admin\Lib\Action\NodeAction.class.php 第 11 行.
SQL: SHOW COLUMNS FROM `node` [ RunTime:0.002708s ]
SQL: SELECT * FROM `node` WHERE ( `id` = 0 ) LIMIT 1   [ RunTime:0.000490s ]
SQL: SELECT COUNT(id) AS tp_count FROM `node` WHERE ( `pid` = 0 ) LIMIT 1   [ RunTime:0.000182s ]
SQL: SELECT * FROM `node` WHERE ( `pid` = 0 ) ORDER BY `id` desc LIMIT 0,20   [ RunTime:0.000316s ]
INFO: [ view_parse ] --START--
NOTIC: [8] Undefined index: _order E:\wamp\www\Tp\Admin\Runtime\Cache\fc73575304ffe6a06a61dd52ee406a2c.php 第 3 行.
NOTIC: [8] Undefined index: _sort E:\wamp\www\Tp\Admin\Runtime\Cache\fc73575304ffe6a06a61dd52ee406a2c.php 第 4 行.
NOTIC: [8] Use of undefined constant __PUBLIC__ - assumed '__PUBLIC__' E:\wamp\www\Tp\Admin\Common\common.php 第 70 行.
INFO: ParseTemplate Behavior ::run [ RunTime:0.008741s ]
INFO: [ view_parse ] --END-- [ RunTime:0.008888s ]
INFO: [ view_filter ] --START--
INFO: ContentReplace Behavior ::run [ RunTime:0.001200s ]
INFO: TokenBuild Behavior ::run [ RunTime:0.000832s ]
INFO: WriteHtmlCache Behavior ::run [ RunTime:0.000353s ]
INFO: ShowRuntime Behavior ::run [ RunTime:0.000574s ]
INFO: [ view_filter ] --END-- [ RunTime:0.003187s ]
INFO: [ view_end ] --START--
INFO: ShowPageTrace Behavior ::run [ RunTime:0.000668s ]
INFO: [ view_end ] --END-- [ RunTime:0.000730s ]

[ 2015-10-20T18:12:32+08:00 ] 127.0.0.1 /Admin/index.php/Node/index/pid/1/?_=1445335952224
INFO: [ app_begin ] --START--
INFO: ReadHtmlCache Behavior ::run [ RunTime:0.000518s ]
INFO: [ app_begin ] --END-- [ RunTime:0.000589s ]
SQL: SHOW COLUMNS FROM `group` [ RunTime:0.005999s ]
SQL: SELECT `id`,`title` FROM `group` WHERE ( status=1 )  [ RunTime:0.000239s ]
SQL: SHOW COLUMNS FROM `node` [ RunTime:0.003299s ]
SQL: SHOW COLUMNS FROM `node` [ RunTime:0.003623s ]
SQL: SELECT * FROM `node` WHERE ( `id` = 1 ) LIMIT 1   [ RunTime:0.000284s ]
SQL: SELECT COUNT(id) AS tp_count FROM `node` WHERE ( `pid` = 1 ) LIMIT 1   [ RunTime:0.000216s ]
SQL: SELECT * FROM `node` WHERE ( `pid` = 1 ) ORDER BY `id` desc LIMIT 0,20   [ RunTime:0.000321s ]
INFO: [ view_parse ] --START--
NOTIC: [8] Undefined index: _order E:\wamp\www\Tp\Admin\Runtime\Cache\fc73575304ffe6a06a61dd52ee406a2c.php 第 3 行.
NOTIC: [8] Undefined index: _sort E:\wamp\www\Tp\Admin\Runtime\Cache\fc73575304ffe6a06a61dd52ee406a2c.php 第 4 行.
NOTIC: [8] Use of undefined constant __PUBLIC__ - assumed '__PUBLIC__' E:\wamp\www\Tp\Admin\Common\common.php 第 70 行.
NOTIC: [8] Use of undefined constant __PUBLIC__ - assumed '__PUBLIC__' E:\wamp\www\Tp\Admin\Common\common.php 第 70 行.
NOTIC: [8] Use of undefined constant __PUBLIC__ - assumed '__PUBLIC__' E:\wamp\www\Tp\Admin\Common\common.php 第 70 行.
NOTIC: [8] Use of undefined constant __PUBLIC__ - assumed '__PUBLIC__' E:\wamp\www\Tp\Admin\Common\common.php 第 70 行.
NOTIC: [8] Use of undefined constant __PUBLIC__ - assumed '__PUBLIC__' E:\wamp\www\Tp\Admin\Common\common.php 第 70 行.
NOTIC: [8] Use of undefined constant __PUBLIC__ - assumed '__PUBLIC__' E:\wamp\www\Tp\Admin\Common\common.php 第 70 行.
INFO: ParseTemplate Behavior ::run [ RunTime:0.009561s ]
INFO: [ view_parse ] --END-- [ RunTime:0.009634s ]
INFO: [ view_filter ] --START--
INFO: ContentReplace Behavior ::run [ RunTime:0.000524s ]
INFO: TokenBuild Behavior ::run [ RunTime:0.000439s ]
INFO: WriteHtmlCache Behavior ::run [ RunTime:0.000337s ]
INFO: ShowRuntime Behavior ::run [ RunTime:0.000571s ]
INFO: [ view_filter ] --END-- [ RunTime:0.002056s ]
INFO: [ view_end ] --START--
INFO: ShowPageTrace Behavior ::run [ RunTime:0.000531s ]
INFO: [ view_end ] --END-- [ RunTime:0.000593s ]

[ 2015-10-20T18:12:34+08:00 ] 127.0.0.1 /Admin/index.php/Node/edit/id/84?_=1445335954769
INFO: [ app_begin ] --START--
INFO: ReadHtmlCache Behavior ::run [ RunTime:0.000522s ]
INFO: [ app_begin ] --END-- [ RunTime:0.000613s ]
SQL: SHOW COLUMNS FROM `group` [ RunTime:0.003280s ]
SQL: SELECT * FROM `group` WHERE ( status=1 )  [ RunTime:0.000253s ]
SQL: SHOW COLUMNS FROM `node` [ RunTime:0.003765s ]
SQL: SELECT * FROM `node` WHERE ( `id` = 84 ) LIMIT 1   [ RunTime:0.000893s ]
INFO: [ view_parse ] --START--
INFO: ParseTemplate Behavior ::run [ RunTime:0.032397s ]
INFO: [ view_parse ] --END-- [ RunTime:0.032509s ]
INFO: [ view_filter ] --START--
INFO: ContentReplace Behavior ::run [ RunTime:0.000461s ]
INFO: TokenBuild Behavior ::run [ RunTime:0.000732s ]
INFO: WriteHtmlCache Behavior ::run [ RunTime:0.001176s ]
INFO: ShowRuntime Behavior ::run [ RunTime:0.000652s ]
INFO: [ view_filter ] --END-- [ RunTime:0.003213s ]
INFO: [ view_end ] --START--
INFO: ShowPageTrace Behavior ::run [ RunTime:0.000562s ]
INFO: [ view_end ] --END-- [ RunTime:0.000624s ]

[ 2015-10-20T18:12:41+08:00 ] 127.0.0.1 /Admin/index.php/Node/update/navTabId/Node?callbackType=closeCurrent
INFO: [ app_begin ] --START--
INFO: ReadHtmlCache Behavior ::run [ RunTime:0.000529s ]
INFO: [ app_begin ] --END-- [ RunTime:0.000603s ]
SQL: SHOW COLUMNS FROM `node` [ RunTime:0.008232s ]
SQL: SELECT `id` FROM `node` WHERE ( `name` = 'Email' ) AND ( `pid` = 1 ) AND ( `status` = 1 ) AND ( `id` <> '84' ) LIMIT 1   [ RunTime:0.000311s ]
SQL: UPDATE `node` SET `pid`=1,`name`='Email',`title`='邮件抓取',`sort`=5,`group_id`=2,`status`=1,`remark`='' WHERE ( `id` = 84 ) [ RunTime:0.000282s ]
NOTIC: [8] Undefined index: rel E:\wamp\www\Tp\ThinkPHP\Lib\Core\Action.class.php 第 377 行.
NOTIC: [8] Undefined index: forwardUrl E:\wamp\www\Tp\ThinkPHP\Lib\Core\Action.class.php 第 379 行.
NOTIC: [8] Undefined index: confirmMsg E:\wamp\www\Tp\ThinkPHP\Lib\Core\Action.class.php 第 380 行.

[ 2015-10-20T18:12:41+08:00 ] 127.0.0.1 /Admin/index.php/Node/index/pid/1/
INFO: [ app_begin ] --START--
INFO: ReadHtmlCache Behavior ::run [ RunTime:0.000557s ]
INFO: [ app_begin ] --END-- [ RunTime:0.000632s ]
SQL: SHOW COLUMNS FROM `group` [ RunTime:0.002722s ]
SQL: SELECT `id`,`title` FROM `group` WHERE ( status=1 )  [ RunTime:0.000198s ]
SQL: SHOW COLUMNS FROM `node` [ RunTime:0.003432s ]
SQL: SHOW COLUMNS FROM `node` [ RunTime:0.002996s ]
SQL: SELECT * FROM `node` WHERE ( `id` = 1 ) LIMIT 1   [ RunTime:0.000247s ]
SQL: SELECT COUNT(id) AS tp_count FROM `node` WHERE ( `pid` = 1 ) LIMIT 1   [ RunTime:0.000187s ]
SQL: SELECT * FROM `node` WHERE ( `pid` = 1 ) ORDER BY `id` desc LIMIT 0,20   [ RunTime:0.000285s ]
INFO: [ view_parse ] --START--
NOTIC: [8] Use of undefined constant __PUBLIC__ - assumed '__PUBLIC__' E:\wamp\www\Tp\Admin\Common\common.php 第 70 行.
NOTIC: [8] Use of undefined constant __PUBLIC__ - assumed '__PUBLIC__' E:\wamp\www\Tp\Admin\Common\common.php 第 70 行.
NOTIC: [8] Use of undefined constant __PUBLIC__ - assumed '__PUBLIC__' E:\wamp\www\Tp\Admin\Common\common.php 第 70 行.
NOTIC: [8] Use of undefined constant __PUBLIC__ - assumed '__PUBLIC__' E:\wamp\www\Tp\Admin\Common\common.php 第 70 行.
NOTIC: [8] Use of undefined constant __PUBLIC__ - assumed '__PUBLIC__' E:\wamp\www\Tp\Admin\Common\common.php 第 70 行.
NOTIC: [8] Use of undefined constant __PUBLIC__ - assumed '__PUBLIC__' E:\wamp\www\Tp\Admin\Common\common.php 第 70 行.
INFO: ParseTemplate Behavior ::run [ RunTime:0.008267s ]
INFO: [ view_parse ] --END-- [ RunTime:0.008343s ]
INFO: [ view_filter ] --START--
INFO: ContentReplace Behavior ::run [ RunTime:0.000487s ]
INFO: TokenBuild Behavior ::run [ RunTime:0.000423s ]
INFO: WriteHtmlCache Behavior ::run [ RunTime:0.000344s ]
INFO: ShowRuntime Behavior ::run [ RunTime:0.000564s ]
INFO: [ view_filter ] --END-- [ RunTime:0.001992s ]
INFO: [ view_end ] --START--
INFO: ShowPageTrace Behavior ::run [ RunTime:0.000523s ]
INFO: [ view_end ] --END-- [ RunTime:0.000583s ]

[ 2015-10-20T18:12:44+08:00 ] 127.0.0.1 /Admin/index.php/Index/index.html
INFO: [ view_parse ] --START--
INFO: ParseTemplate Behavior ::run [ RunTime:0.010332s ]
INFO: [ view_parse ] --END-- [ RunTime:0.010447s ]
INFO: [ view_filter ] --START--
INFO: ContentReplace Behavior ::run [ RunTime:0.000592s ]
INFO: TokenBuild Behavior ::run [ RunTime:0.000510s ]
INFO: WriteHtmlCache Behavior ::run [ RunTime:0.000423s ]
INFO: ShowRuntime Behavior ::run [ RunTime:0.000591s ]
INFO: [ view_filter ] --END-- [ RunTime:0.002319s ]
INFO: [ view_end ] --START--
INFO: ShowPageTrace Behavior ::run [ RunTime:0.000653s ]
INFO: [ view_end ] --END-- [ RunTime:0.000739s ]

[ 2015-10-20T18:15:49+08:00 ] 127.0.0.1 /Admin/index.php/Node/index/?_=1445336149514
INFO: [ app_begin ] --START--
INFO: ReadHtmlCache Behavior ::run [ RunTime:0.000987s ]
INFO: [ app_begin ] --END-- [ RunTime:0.001056s ]
SQL: SHOW COLUMNS FROM `group` [ RunTime:0.004815s ]
SQL: SELECT `id`,`title` FROM `group` WHERE ( status=1 )  [ RunTime:0.000252s ]
SQL: SHOW COLUMNS FROM `node` [ RunTime:0.006949s ]
NOTIC: [8] Undefined index: pid E:\wamp\www\Tp\Admin\Lib\Action\NodeAction.class.php 第 11 行.
SQL: SHOW COLUMNS FROM `node` [ RunTime:0.005332s ]
SQL: SELECT * FROM `node` WHERE ( `id` = 0 ) LIMIT 1   [ RunTime:0.000261s ]
SQL: SELECT COUNT(id) AS tp_count FROM `node` WHERE ( `pid` = 0 ) LIMIT 1   [ RunTime:0.000219s ]
SQL: SELECT * FROM `node` WHERE ( `pid` = 0 ) ORDER BY `id` desc LIMIT 0,20   [ RunTime:0.000284s ]
INFO: [ view_parse ] --START--
NOTIC: [8] Undefined index: _order E:\wamp\www\Tp\Admin\Runtime\Cache\fc73575304ffe6a06a61dd52ee406a2c.php 第 3 行.
NOTIC: [8] Undefined index: _sort E:\wamp\www\Tp\Admin\Runtime\Cache\fc73575304ffe6a06a61dd52ee406a2c.php 第 4 行.
NOTIC: [8] Use of undefined constant __PUBLIC__ - assumed '__PUBLIC__' E:\wamp\www\Tp\Admin\Common\common.php 第 70 行.
INFO: ParseTemplate Behavior ::run [ RunTime:0.009098s ]
INFO: [ view_parse ] --END-- [ RunTime:0.009174s ]
INFO: [ view_filter ] --START--
INFO: ContentReplace Behavior ::run [ RunTime:0.000655s ]
INFO: TokenBuild Behavior ::run [ RunTime:0.000478s ]
INFO: WriteHtmlCache Behavior ::run [ RunTime:0.001294s ]
INFO: ShowRuntime Behavior ::run [ RunTime:0.000641s ]
INFO: [ view_filter ] --END-- [ RunTime:0.003270s ]
INFO: [ view_end ] --START--
INFO: ShowPageTrace Behavior ::run [ RunTime:0.000563s ]
INFO: [ view_end ] --END-- [ RunTime:0.000624s ]

[ 2015-10-20T18:15:50+08:00 ] 127.0.0.1 /Admin/index.php/Email/index/?_=1445336150664
INFO: [ app_begin ] --START--
INFO: ReadHtmlCache Behavior ::run [ RunTime:0.000482s ]
INFO: [ app_begin ] --END-- [ RunTime:0.000549s ]

[ 2015-10-20T18:16:01+08:00 ] 127.0.0.1 /Admin/index.php/Email/index/?_=1445336161616
INFO: [ app_begin ] --START--
INFO: ReadHtmlCache Behavior ::run [ RunTime:0.000735s ]
INFO: [ app_begin ] --END-- [ RunTime:0.000802s ]
INFO: [ view_parse ] --START--
NOTIC: [8] Undefined index: _order E:\wamp\www\Tp\Admin\Runtime\Cache\99b30fcb52ba53159ac1604e576be499.php 第 3 行.
NOTIC: [8] Undefined index: _sort E:\wamp\www\Tp\Admin\Runtime\Cache\99b30fcb52ba53159ac1604e576be499.php 第 4 行.
NOTIC: [8] Undefined index: _order E:\wamp\www\Tp\Admin\Runtime\Cache\99b30fcb52ba53159ac1604e576be499.php 第 41 行.
NOTIC: [8] Undefined index: _order E:\wamp\www\Tp\Admin\Runtime\Cache\99b30fcb52ba53159ac1604e576be499.php 第 42 行.
NOTIC: [8] Undefined index: _order E:\wamp\www\Tp\Admin\Runtime\Cache\99b30fcb52ba53159ac1604e576be499.php 第 43 行.
NOTIC: [8] Undefined index: _order E:\wamp\www\Tp\Admin\Runtime\Cache\99b30fcb52ba53159ac1604e576be499.php 第 44 行.
NOTIC: [8] Undefined index: _order E:\wamp\www\Tp\Admin\Runtime\Cache\99b30fcb52ba53159ac1604e576be499.php 第 45 行.
NOTIC: [8] Undefined index: _order E:\wamp\www\Tp\Admin\Runtime\Cache\99b30fcb52ba53159ac1604e576be499.php 第 46 行.
NOTIC: [8] Undefined index: _order E:\wamp\www\Tp\Admin\Runtime\Cache\99b30fcb52ba53159ac1604e576be499.php 第 47 行.
NOTIC: [8] Undefined variable: list E:\wamp\www\Tp\Admin\Runtime\Cache\99b30fcb52ba53159ac1604e576be499.php 第 51 行.
NOTIC: [8] Undefined variable: totalCount E:\wamp\www\Tp\Admin\Runtime\Cache\99b30fcb52ba53159ac1604e576be499.php 第 66 行.
NOTIC: [8] Undefined variable: totalCount E:\wamp\www\Tp\Admin\Runtime\Cache\99b30fcb52ba53159ac1604e576be499.php 第 68 行.
NOTIC: [8] Undefined variable: numPerPage E:\wamp\www\Tp\Admin\Runtime\Cache\99b30fcb52ba53159ac1604e576be499.php 第 68 行.
NOTIC: [8] Undefined variable: currentPage E:\wamp\www\Tp\Admin\Runtime\Cache\99b30fcb52ba53159ac1604e576be499.php 第 68 行.
INFO: ParseTemplate Behavior ::run [ RunTime:0.014730s ]
INFO: [ view_parse ] --END-- [ RunTime:0.014976s ]
INFO: [ view_filter ] --START--
INFO: ContentReplace Behavior ::run [ RunTime:0.000465s ]
INFO: TokenBuild Behavior ::run [ RunTime:0.000467s ]
INFO: WriteHtmlCache Behavior ::run [ RunTime:0.000364s ]
INFO: ShowRuntime Behavior ::run [ RunTime:0.000471s ]
INFO: [ view_filter ] --END-- [ RunTime:0.002018s ]
INFO: [ view_end ] --START--
INFO: ShowPageTrace Behavior ::run [ RunTime:0.000595s ]
INFO: [ view_end ] --END-- [ RunTime:0.000660s ]

[ 2015-10-20T18:16:26+08:00 ] 127.0.0.1 /Admin/index.php/Node/add?_=1445336185934
INFO: [ app_begin ] --START--
INFO: ReadHtmlCache Behavior ::run [ RunTime:0.000563s ]
INFO: [ app_begin ] --END-- [ RunTime:0.000635s ]
SQL: SHOW COLUMNS FROM `group` [ RunTime:0.010275s ]
SQL: SELECT * FROM `group` WHERE ( status=1 )  [ RunTime:0.000267s ]
SQL: SHOW COLUMNS FROM `node` [ RunTime:0.017485s ]
SQL: SELECT * FROM `node` WHERE ( `id` = 0 ) LIMIT 1   [ RunTime:0.000256s ]
INFO: [ view_parse ] --START--
INFO: ParseTemplate Behavior ::run [ RunTime:0.006122s ]
INFO: [ view_parse ] --END-- [ RunTime:0.006241s ]
INFO: [ view_filter ] --START--
INFO: ContentReplace Behavior ::run [ RunTime:0.000374s ]
INFO: TokenBuild Behavior ::run [ RunTime:0.000428s ]
INFO: WriteHtmlCache Behavior ::run [ RunTime:0.000351s ]
INFO: ShowRuntime Behavior ::run [ RunTime:0.000493s ]
INFO: [ view_filter ] --END-- [ RunTime:0.001888s ]
INFO: [ view_end ] --START--
INFO: ShowPageTrace Behavior ::run [ RunTime:0.000592s ]
INFO: [ view_end ] --END-- [ RunTime:0.000657s ]

[ 2015-10-20T18:16:28+08:00 ] 127.0.0.1 /Admin/index.php/Node/index/pid/1/?_=1445336188177
INFO: [ app_begin ] --START--
INFO: ReadHtmlCache Behavior ::run [ RunTime:0.000486s ]
INFO: [ app_begin ] --END-- [ RunTime:0.000553s ]
SQL: SHOW COLUMNS FROM `group` [ RunTime:0.003515s ]
SQL: SELECT `id`,`title` FROM `group` WHERE ( status=1 )  [ RunTime:0.000239s ]
SQL: SHOW COLUMNS FROM `node` [ RunTime:0.008203s ]
SQL: SHOW COLUMNS FROM `node` [ RunTime:0.003994s ]
SQL: SELECT * FROM `node` WHERE ( `id` = 1 ) LIMIT 1   [ RunTime:0.000297s ]
SQL: SELECT COUNT(id) AS tp_count FROM `node` WHERE ( `pid` = 1 ) LIMIT 1   [ RunTime:0.000231s ]
SQL: SELECT * FROM `node` WHERE ( `pid` = 1 ) ORDER BY `id` desc LIMIT 0,20   [ RunTime:0.000319s ]
INFO: [ view_parse ] --START--
NOTIC: [8] Undefined index: _order E:\wamp\www\Tp\Admin\Runtime\Cache\fc73575304ffe6a06a61dd52ee406a2c.php 第 3 行.
NOTIC: [8] Undefined index: _sort E:\wamp\www\Tp\Admin\Runtime\Cache\fc73575304ffe6a06a61dd52ee406a2c.php 第 4 行.
NOTIC: [8] Use of undefined constant __PUBLIC__ - assumed '__PUBLIC__' E:\wamp\www\Tp\Admin\Common\common.php 第 70 行.
NOTIC: [8] Use of undefined constant __PUBLIC__ - assumed '__PUBLIC__' E:\wamp\www\Tp\Admin\Common\common.php 第 70 行.
NOTIC: [8] Use of undefined constant __PUBLIC__ - assumed '__PUBLIC__' E:\wamp\www\Tp\Admin\Common\common.php 第 70 行.
NOTIC: [8] Use of undefined constant __PUBLIC__ - assumed '__PUBLIC__' E:\wamp\www\Tp\Admin\Common\common.php 第 70 行.
NOTIC: [8] Use of undefined constant __PUBLIC__ - assumed '__PUBLIC__' E:\wamp\www\Tp\Admin\Common\common.php 第 70 行.
NOTIC: [8] Use of undefined constant __PUBLIC__ - assumed '__PUBLIC__' E:\wamp\www\Tp\Admin\Common\common.php 第 70 行.
INFO: ParseTemplate Behavior ::run [ RunTime:0.009334s ]
INFO: [ view_parse ] --END-- [ RunTime:0.009406s ]
INFO: [ view_filter ] --START--
INFO: ContentReplace Behavior ::run [ RunTime:0.000892s ]
INFO: TokenBuild Behavior ::run [ RunTime:0.000437s ]
INFO: WriteHtmlCache Behavior ::run [ RunTime:0.000440s ]
INFO: ShowRuntime Behavior ::run [ RunTime:0.000470s ]
INFO: [ view_filter ] --END-- [ RunTime:0.002417s ]
INFO: [ view_end ] --START--
INFO: ShowPageTrace Behavior ::run [ RunTime:0.000542s ]
INFO: [ view_end ] --END-- [ RunTime:0.000602s ]

[ 2015-10-20T18:16:29+08:00 ] 127.0.0.1 /Admin/index.php/Node/edit/id/84?_=1445336189468
INFO: [ app_begin ] --START--
INFO: ReadHtmlCache Behavior ::run [ RunTime:0.000485s ]
INFO: [ app_begin ] --END-- [ RunTime:0.000553s ]
SQL: SHOW COLUMNS FROM `group` [ RunTime:0.005194s ]
SQL: SELECT * FROM `group` WHERE ( status=1 )  [ RunTime:0.000255s ]
SQL: SHOW COLUMNS FROM `node` [ RunTime:0.003293s ]
SQL: SELECT * FROM `node` WHERE ( `id` = 84 ) LIMIT 1   [ RunTime:0.000271s ]
INFO: [ view_parse ] --START--
INFO: ParseTemplate Behavior ::run [ RunTime:0.008010s ]
INFO: [ view_parse ] --END-- [ RunTime:0.008130s ]
INFO: [ view_filter ] --START--
INFO: ContentReplace Behavior ::run [ RunTime:0.000435s ]
INFO: TokenBuild Behavior ::run [ RunTime:0.000456s ]
INFO: WriteHtmlCache Behavior ::run [ RunTime:0.000375s ]
INFO: ShowRuntime Behavior ::run [ RunTime:0.000464s ]
INFO: [ view_filter ] --END-- [ RunTime:0.001970s ]
INFO: [ view_end ] --START--
INFO: ShowPageTrace Behavior ::run [ RunTime:0.000700s ]
INFO: [ view_end ] --END-- [ RunTime:0.000773s ]

[ 2015-10-20T18:16:35+08:00 ] 127.0.0.1 /Admin/index.php/Node/update/navTabId/Node?callbackType=closeCurrent
INFO: [ app_begin ] --START--
INFO: ReadHtmlCache Behavior ::run [ RunTime:0.000738s ]
INFO: [ app_begin ] --END-- [ RunTime:0.000820s ]
SQL: SHOW COLUMNS FROM `node` [ RunTime:0.004215s ]
SQL: SELECT `id` FROM `node` WHERE ( `name` = 'Email' ) AND ( `pid` = 1 ) AND ( `status` = 1 ) AND ( `id` <> '84' ) LIMIT 1   [ RunTime:0.000311s ]
SQL: UPDATE `node` SET `pid`=1,`name`='Email',`title`='邮件列表',`sort`=5,`group_id`=2,`status`=1,`remark`='' WHERE ( `id` = 84 ) [ RunTime:0.000238s ]
NOTIC: [8] Undefined index: rel E:\wamp\www\Tp\ThinkPHP\Lib\Core\Action.class.php 第 377 行.
NOTIC: [8] Undefined index: forwardUrl E:\wamp\www\Tp\ThinkPHP\Lib\Core\Action.class.php 第 379 行.
NOTIC: [8] Undefined index: confirmMsg E:\wamp\www\Tp\ThinkPHP\Lib\Core\Action.class.php 第 380 行.

[ 2015-10-20T18:16:35+08:00 ] 127.0.0.1 /Admin/index.php/Node/index/pid/1/
INFO: [ app_begin ] --START--
INFO: ReadHtmlCache Behavior ::run [ RunTime:0.000481s ]
INFO: [ app_begin ] --END-- [ RunTime:0.000569s ]
SQL: SHOW COLUMNS FROM `group` [ RunTime:0.003330s ]
SQL: SELECT `id`,`title` FROM `group` WHERE ( status=1 )  [ RunTime:0.000233s ]
SQL: SHOW COLUMNS FROM `node` [ RunTime:0.002852s ]
SQL: SHOW COLUMNS FROM `node` [ RunTime:0.002642s ]
SQL: SELECT * FROM `node` WHERE ( `id` = 1 ) LIMIT 1   [ RunTime:0.000243s ]
SQL: SELECT COUNT(id) AS tp_count FROM `node` WHERE ( `pid` = 1 ) LIMIT 1   [ RunTime:0.000185s ]
SQL: SELECT * FROM `node` WHERE ( `pid` = 1 ) ORDER BY `id` desc LIMIT 0,20   [ RunTime:0.000423s ]
INFO: [ view_parse ] --START--
NOTIC: [8] Use of undefined constant __PUBLIC__ - assumed '__PUBLIC__' E:\wamp\www\Tp\Admin\Common\common.php 第 70 行.
NOTIC: [8] Use of undefined constant __PUBLIC__ - assumed '__PUBLIC__' E:\wamp\www\Tp\Admin\Common\common.php 第 70 行.
NOTIC: [8] Use of undefined constant __PUBLIC__ - assumed '__PUBLIC__' E:\wamp\www\Tp\Admin\Common\common.php 第 70 行.
NOTIC: [8] Use of undefined constant __PUBLIC__ - assumed '__PUBLIC__' E:\wamp\www\Tp\Admin\Common\common.php 第 70 行.
NOTIC: [8] Use of undefined constant __PUBLIC__ - assumed '__PUBLIC__' E:\wamp\www\Tp\Admin\Common\common.php 第 70 行.
NOTIC: [8] Use of undefined constant __PUBLIC__ - assumed '__PUBLIC__' E:\wamp\www\Tp\Admin\Common\common.php 第 70 行.
INFO: ParseTemplate Behavior ::run [ RunTime:0.008106s ]
INFO: [ view_parse ] --END-- [ RunTime:0.008177s ]
INFO: [ view_filter ] --START--
INFO: ContentReplace Behavior ::run [ RunTime:0.000450s ]
INFO: TokenBuild Behavior ::run [ RunTime:0.000405s ]
INFO: WriteHtmlCache Behavior ::run [ RunTime:0.000344s ]
INFO: ShowRuntime Behavior ::run [ RunTime:0.000448s ]
INFO: [ view_filter ] --END-- [ RunTime:0.001916s ]
INFO: [ view_end ] --START--
INFO: ShowPageTrace Behavior ::run [ RunTime:0.000545s ]
INFO: [ view_end ] --END-- [ RunTime:0.000606s ]

[ 2015-10-20T18:18:41+08:00 ] 127.0.0.1 /Admin/index.php/Index/index.html
INFO: [ view_parse ] --START--
INFO: ParseTemplate Behavior ::run [ RunTime:0.010138s ]
INFO: [ view_parse ] --END-- [ RunTime:0.010252s ]
INFO: [ view_filter ] --START--
INFO: ContentReplace Behavior ::run [ RunTime:0.000564s ]
INFO: TokenBuild Behavior ::run [ RunTime:0.000517s ]
INFO: WriteHtmlCache Behavior ::run [ RunTime:0.000433s ]
INFO: ShowRuntime Behavior ::run [ RunTime:0.000534s ]
INFO: [ view_filter ] --END-- [ RunTime:0.002259s ]
INFO: [ view_end ] --START--
INFO: ShowPageTrace Behavior ::run [ RunTime:0.000656s ]
INFO: [ view_end ] --END-- [ RunTime:0.000728s ]

[ 2015-10-20T18:18:42+08:00 ] 127.0.0.1 /Admin/index.php/Email/index/?_=1445336322654
INFO: [ app_begin ] --START--
INFO: ReadHtmlCache Behavior ::run [ RunTime:0.000597s ]
INFO: [ app_begin ] --END-- [ RunTime:0.000665s ]
INFO: [ view_parse ] --START--
NOTIC: [8] Undefined index: _order E:\wamp\www\Tp\Admin\Runtime\Cache\99b30fcb52ba53159ac1604e576be499.php 第 3 行.
NOTIC: [8] Undefined index: _sort E:\wamp\www\Tp\Admin\Runtime\Cache\99b30fcb52ba53159ac1604e576be499.php 第 4 行.
NOTIC: [8] Undefined index: _order E:\wamp\www\Tp\Admin\Runtime\Cache\99b30fcb52ba53159ac1604e576be499.php 第 41 行.
NOTIC: [8] Undefined index: _order E:\wamp\www\Tp\Admin\Runtime\Cache\99b30fcb52ba53159ac1604e576be499.php 第 42 行.
NOTIC: [8] Undefined index: _order E:\wamp\www\Tp\Admin\Runtime\Cache\99b30fcb52ba53159ac1604e576be499.php 第 43 行.
NOTIC: [8] Undefined index: _order E:\wamp\www\Tp\Admin\Runtime\Cache\99b30fcb52ba53159ac1604e576be499.php 第 44 行.
NOTIC: [8] Undefined index: _order E:\wamp\www\Tp\Admin\Runtime\Cache\99b30fcb52ba53159ac1604e576be499.php 第 45 行.
NOTIC: [8] Undefined index: _order E:\wamp\www\Tp\Admin\Runtime\Cache\99b30fcb52ba53159ac1604e576be499.php 第 46 行.
NOTIC: [8] Undefined index: _order E:\wamp\www\Tp\Admin\Runtime\Cache\99b30fcb52ba53159ac1604e576be499.php 第 47 行.
NOTIC: [8] Undefined variable: list E:\wamp\www\Tp\Admin\Runtime\Cache\99b30fcb52ba53159ac1604e576be499.php 第 51 行.
NOTIC: [8] Undefined variable: totalCount E:\wamp\www\Tp\Admin\Runtime\Cache\99b30fcb52ba53159ac1604e576be499.php 第 66 行.
NOTIC: [8] Undefined variable: totalCount E:\wamp\www\Tp\Admin\Runtime\Cache\99b30fcb52ba53159ac1604e576be499.php 第 68 行.
NOTIC: [8] Undefined variable: numPerPage E:\wamp\www\Tp\Admin\Runtime\Cache\99b30fcb52ba53159ac1604e576be499.php 第 68 行.
NOTIC: [8] Undefined variable: currentPage E:\wamp\www\Tp\Admin\Runtime\Cache\99b30fcb52ba53159ac1604e576be499.php 第 68 行.
INFO: ParseTemplate Behavior ::run [ RunTime:0.010076s ]
INFO: [ view_parse ] --END-- [ RunTime:0.010178s ]
INFO: [ view_filter ] --START--
INFO: ContentReplace Behavior ::run [ RunTime:0.000593s ]
INFO: TokenBuild Behavior ::run [ RunTime:0.000514s ]
INFO: WriteHtmlCache Behavior ::run [ RunTime:0.000390s ]
INFO: ShowRuntime Behavior ::run [ RunTime:0.000581s ]
INFO: [ view_filter ] --END-- [ RunTime:0.002343s ]
INFO: [ view_end ] --START--
INFO: ShowPageTrace Behavior ::run [ RunTime:0.000537s ]
INFO: [ view_end ] --END-- [ RunTime:0.000597s ]

[ 2015-10-20T18:23:03+08:00 ] 127.0.0.1 /Admin/index.php/Email/index/?_=1445336583034
INFO: [ app_begin ] --START--
INFO: ReadHtmlCache Behavior ::run [ RunTime:0.000969s ]
INFO: [ app_begin ] --END-- [ RunTime:0.001500s ]
INFO: [ view_parse ] --START--
NOTIC: [8] Undefined index: _order E:\wamp\www\Tp\Admin\Runtime\Cache\99b30fcb52ba53159ac1604e576be499.php 第 3 行.
NOTIC: [8] Undefined index: _sort E:\wamp\www\Tp\Admin\Runtime\Cache\99b30fcb52ba53159ac1604e576be499.php 第 4 行.
NOTIC: [8] Undefined index: _order E:\wamp\www\Tp\Admin\Runtime\Cache\99b30fcb52ba53159ac1604e576be499.php 第 41 行.
NOTIC: [8] Undefined index: _order E:\wamp\www\Tp\Admin\Runtime\Cache\99b30fcb52ba53159ac1604e576be499.php 第 42 行.
NOTIC: [8] Undefined index: _order E:\wamp\www\Tp\Admin\Runtime\Cache\99b30fcb52ba53159ac1604e576be499.php 第 43 行.
NOTIC: [8] Undefined index: _order E:\wamp\www\Tp\Admin\Runtime\Cache\99b30fcb52ba53159ac1604e576be499.php 第 44 行.
NOTIC: [8] Undefined variable: list E:\wamp\www\Tp\Admin\Runtime\Cache\99b30fcb52ba53159ac1604e576be499.php 第 48 行.
NOTIC: [8] Undefined variable: totalCount E:\wamp\www\Tp\Admin\Runtime\Cache\99b30fcb52ba53159ac1604e576be499.php 第 60 行.
NOTIC: [8] Undefined variable: totalCount E:\wamp\www\Tp\Admin\Runtime\Cache\99b30fcb52ba53159ac1604e576be499.php 第 62 行.
NOTIC: [8] Undefined variable: numPerPage E:\wamp\www\Tp\Admin\Runtime\Cache\99b30fcb52ba53159ac1604e576be499.php 第 62 行.
NOTIC: [8] Undefined variable: currentPage E:\wamp\www\Tp\Admin\Runtime\Cache\99b30fcb52ba53159ac1604e576be499.php 第 62 行.
INFO: ParseTemplate Behavior ::run [ RunTime:0.009485s ]
INFO: [ view_parse ] --END-- [ RunTime:0.009562s ]
INFO: [ view_filter ] --START--
INFO: ContentReplace Behavior ::run [ RunTime:0.000450s ]
INFO: TokenBuild Behavior ::run [ RunTime:0.000443s ]
INFO: WriteHtmlCache Behavior ::run [ RunTime:0.000336s ]
INFO: ShowRuntime Behavior ::run [ RunTime:0.000661s ]
INFO: [ view_filter ] --END-- [ RunTime:0.002077s ]
INFO: [ view_end ] --START--
INFO: ShowPageTrace Behavior ::run [ RunTime:0.000565s ]
INFO: [ view_end ] --END-- [ RunTime:0.000626s ]

[ 2015-10-20T18:23:04+08:00 ] 127.0.0.1 /Admin/index.php/Index/index.html
INFO: [ view_parse ] --START--
INFO: ParseTemplate Behavior ::run [ RunTime:0.010675s ]
INFO: [ view_parse ] --END-- [ RunTime:0.010773s ]
INFO: [ view_filter ] --START--
INFO: ContentReplace Behavior ::run [ RunTime:0.000526s ]
INFO: TokenBuild Behavior ::run [ RunTime:0.000435s ]
INFO: WriteHtmlCache Behavior ::run [ RunTime:0.000351s ]
INFO: ShowRuntime Behavior ::run [ RunTime:0.000510s ]
INFO: [ view_filter ] --END-- [ RunTime:0.002031s ]
INFO: [ view_end ] --START--
INFO: ShowPageTrace Behavior ::run [ RunTime:0.000552s ]
INFO: [ view_end ] --END-- [ RunTime:0.000619s ]

[ 2015-10-20T18:23:05+08:00 ] 127.0.0.1 /Admin/index.php/Email/index/?_=1445336585903
INFO: [ app_begin ] --START--
INFO: ReadHtmlCache Behavior ::run [ RunTime:0.000772s ]
INFO: [ app_begin ] --END-- [ RunTime:0.000842s ]
INFO: [ view_parse ] --START--
NOTIC: [8] Undefined index: _order E:\wamp\www\Tp\Admin\Runtime\Cache\99b30fcb52ba53159ac1604e576be499.php 第 3 行.
NOTIC: [8] Undefined index: _sort E:\wamp\www\Tp\Admin\Runtime\Cache\99b30fcb52ba53159ac1604e576be499.php 第 4 行.
NOTIC: [8] Undefined index: _order E:\wamp\www\Tp\Admin\Runtime\Cache\99b30fcb52ba53159ac1604e576be499.php 第 41 行.
NOTIC: [8] Undefined index: _order E:\wamp\www\Tp\Admin\Runtime\Cache\99b30fcb52ba53159ac1604e576be499.php 第 42 行.
NOTIC: [8] Undefined index: _order E:\wamp\www\Tp\Admin\Runtime\Cache\99b30fcb52ba53159ac1604e576be499.php 第 43 行.
NOTIC: [8] Undefined index: _order E:\wamp\www\Tp\Admin\Runtime\Cache\99b30fcb52ba53159ac1604e576be499.php 第 44 行.
NOTIC: [8] Undefined variable: list E:\wamp\www\Tp\Admin\Runtime\Cache\99b30fcb52ba53159ac1604e576be499.php 第 48 行.
NOTIC: [8] Undefined variable: totalCount E:\wamp\www\Tp\Admin\Runtime\Cache\99b30fcb52ba53159ac1604e576be499.php 第 60 行.
NOTIC: [8] Undefined variable: totalCount E:\wamp\www\Tp\Admin\Runtime\Cache\99b30fcb52ba53159ac1604e576be499.php 第 62 行.
NOTIC: [8] Undefined variable: numPerPage E:\wamp\www\Tp\Admin\Runtime\Cache\99b30fcb52ba53159ac1604e576be499.php 第 62 行.
NOTIC: [8] Undefined variable: currentPage E:\wamp\www\Tp\Admin\Runtime\Cache\99b30fcb52ba53159ac1604e576be499.php 第 62 行.
INFO: ParseTemplate Behavior ::run [ RunTime:0.009883s ]
INFO: [ view_parse ] --END-- [ RunTime:0.009961s ]
INFO: [ view_filter ] --START--
INFO: ContentReplace Behavior ::run [ RunTime:0.000535s ]
INFO: TokenBuild Behavior ::run [ RunTime:0.000485s ]
INFO: WriteHtmlCache Behavior ::run [ RunTime:0.000396s ]
INFO: ShowRuntime Behavior ::run [ RunTime:0.000608s ]
INFO: [ view_filter ] --END-- [ RunTime:0.002213s ]
INFO: [ view_end ] --START--
INFO: ShowPageTrace Behavior ::run [ RunTime:0.000604s ]
INFO: [ view_end ] --END-- [ RunTime:0.000664s ]

