[ 2015-12-09T12:23:07+08:00 ] 127.0.0.1 /Admin/index.php/Index/index.html
INFO: [ view_parse ] --START--
INFO: ParseTemplate Behavior ::run [ RunTime:0.023213s ]
INFO: [ view_parse ] --END-- [ RunTime:0.023312s ]
INFO: [ view_filter ] --START--
INFO: ContentReplace Behavior ::run [ RunTime:0.000618s ]
INFO: TokenBuild Behavior ::run [ RunTime:0.000523s ]
INFO: WriteHtmlCache Behavior ::run [ RunTime:0.000479s ]
INFO: ShowRuntime Behavior ::run [ RunTime:0.000627s ]
INFO: [ view_filter ] --END-- [ RunTime:0.002455s ]
INFO: [ view_end ] --START--
INFO: ShowPageTrace Behavior ::run [ RunTime:0.000741s ]
INFO: [ view_end ] --END-- [ RunTime:0.000812s ]

[ 2015-12-09T12:23:09+08:00 ] 127.0.0.1 /Admin/index.php/Node/index/?_=1449634989452
INFO: [ app_begin ] --START--
INFO: ReadHtmlCache Behavior ::run [ RunTime:0.000645s ]
INFO: [ app_begin ] --END-- [ RunTime:0.000718s ]
SQL: SHOW COLUMNS FROM `group` [ RunTime:0.018363s ]
SQL: SELECT `id`,`title` FROM `group` WHERE ( status=1 )  [ RunTime:0.000262s ]
SQL: SHOW COLUMNS FROM `node` [ RunTime:0.002776s ]
NOTIC: [8] Undefined index: pid E:\wamp\www\Tp\Admin\Lib\Action\NodeAction.class.php 第 11 行.
SQL: SHOW COLUMNS FROM `node` [ RunTime:0.002547s ]
SQL: SELECT * FROM `node` WHERE ( `id` = 0 ) LIMIT 1   [ RunTime:0.000211s ]
SQL: SELECT COUNT(id) AS tp_count FROM `node` WHERE ( `pid` = 0 ) LIMIT 1   [ RunTime:0.031890s ]
SQL: SELECT * FROM `node` WHERE ( `pid` = 0 ) ORDER BY `id` desc LIMIT 0,20   [ RunTime:0.000347s ]
INFO: [ view_parse ] --START--
NOTIC: [8] Undefined index: _order E:\wamp\www\Tp\Admin\Runtime\Cache\fc73575304ffe6a06a61dd52ee406a2c.php 第 3 行.
NOTIC: [8] Undefined index: _sort E:\wamp\www\Tp\Admin\Runtime\Cache\fc73575304ffe6a06a61dd52ee406a2c.php 第 4 行.
NOTIC: [8] Use of undefined constant __PUBLIC__ - assumed '__PUBLIC__' E:\wamp\www\Tp\Admin\Common\common.php 第 70 行.
INFO: ParseTemplate Behavior ::run [ RunTime:0.019550s ]
INFO: [ view_parse ] --END-- [ RunTime:0.019625s ]
INFO: [ view_filter ] --START--
INFO: ContentReplace Behavior ::run [ RunTime:0.000558s ]
INFO: TokenBuild Behavior ::run [ RunTime:0.000919s ]
INFO: WriteHtmlCache Behavior ::run [ RunTime:0.000494s ]
INFO: ShowRuntime Behavior ::run [ RunTime:0.000942s ]
INFO: [ view_filter ] --END-- [ RunTime:0.003117s ]
INFO: [ view_end ] --START--
INFO: ShowPageTrace Behavior ::run [ RunTime:0.000819s ]
INFO: [ view_end ] --END-- [ RunTime:0.000918s ]

[ 2015-12-09T12:24:22+08:00 ] 127.0.0.1 /Admin/index.php/Role/index/?_=1449635062759
INFO: [ app_begin ] --START--
INFO: ReadHtmlCache Behavior ::run [ RunTime:0.000607s ]
INFO: [ app_begin ] --END-- [ RunTime:0.000678s ]
SQL: SHOW COLUMNS FROM `role` [ RunTime:0.005661s ]
NOTIC: [8] Undefined index: name E:\wamp\www\Tp\Admin\Lib\Action\RoleAction.class.php 第 5 行.
SQL: SELECT COUNT(id) AS tp_count FROM `role` WHERE ( `name` LIKE '%%' ) LIMIT 1   [ RunTime:0.011651s ]
SQL: SELECT * FROM `role` WHERE ( `name` LIKE '%%' ) ORDER BY `id` desc LIMIT 0,20   [ RunTime:0.000361s ]
INFO: [ view_parse ] --START--
NOTIC: [8] Undefined index: _order E:\wamp\www\Tp\Admin\Runtime\Cache\540802f0bd02d0614ae5d372827d97f4.php 第 3 行.
NOTIC: [8] Undefined index: _sort E:\wamp\www\Tp\Admin\Runtime\Cache\540802f0bd02d0614ae5d372827d97f4.php 第 4 行.
NOTIC: [8] Undefined index: _order E:\wamp\www\Tp\Admin\Runtime\Cache\540802f0bd02d0614ae5d372827d97f4.php 第 39 行.
NOTIC: [8] Undefined index: _order E:\wamp\www\Tp\Admin\Runtime\Cache\540802f0bd02d0614ae5d372827d97f4.php 第 41 行.
NOTIC: [8] Use of undefined constant __PUBLIC__ - assumed '__PUBLIC__' E:\wamp\www\Tp\Admin\Common\common.php 第 70 行.
NOTIC: [8] Use of undefined constant __PUBLIC__ - assumed '__PUBLIC__' E:\wamp\www\Tp\Admin\Common\common.php 第 70 行.
NOTIC: [8] Use of undefined constant __PUBLIC__ - assumed '__PUBLIC__' E:\wamp\www\Tp\Admin\Common\common.php 第 70 行.
INFO: ParseTemplate Behavior ::run [ RunTime:0.018712s ]
INFO: [ view_parse ] --END-- [ RunTime:0.018945s ]
INFO: [ view_filter ] --START--
INFO: ContentReplace Behavior ::run [ RunTime:0.000806s ]
INFO: TokenBuild Behavior ::run [ RunTime:0.000551s ]
INFO: WriteHtmlCache Behavior ::run [ RunTime:0.000524s ]
INFO: ShowRuntime Behavior ::run [ RunTime:0.000734s ]
INFO: [ view_filter ] --END-- [ RunTime:0.002818s ]
INFO: [ view_end ] --START--
INFO: ShowPageTrace Behavior ::run [ RunTime:0.000680s ]
INFO: [ view_end ] --END-- [ RunTime:0.000746s ]

[ 2015-12-09T12:24:26+08:00 ] 127.0.0.1 /Admin/index.php/User/index/?_=1449635066658
INFO: [ app_begin ] --START--
INFO: ReadHtmlCache Behavior ::run [ RunTime:0.000620s ]
INFO: [ app_begin ] --END-- [ RunTime:0.000692s ]
SQL: SHOW COLUMNS FROM `user` [ RunTime:0.003409s ]
NOTIC: [8] Undefined index: account E:\wamp\www\Tp\Admin\Lib\Action\UserAction.class.php 第 6 行.
SQL: SELECT COUNT(id) AS tp_count FROM `user` WHERE ( `id` >= 2 ) AND ( `account` LIKE '%%' ) LIMIT 1   [ RunTime:0.005523s ]
SQL: SELECT * FROM `user` WHERE ( `id` >= 2 ) AND ( `account` LIKE '%%' ) ORDER BY `id` desc LIMIT 0,20   [ RunTime:0.000399s ]
INFO: [ view_parse ] --START--
NOTIC: [8] Undefined index: _order E:\wamp\www\Tp\Admin\Runtime\Cache\b281e7303a51708a2850bfab05f89f50.php 第 3 行.
NOTIC: [8] Undefined index: _sort E:\wamp\www\Tp\Admin\Runtime\Cache\b281e7303a51708a2850bfab05f89f50.php 第 4 行.
NOTIC: [8] Undefined index: _order E:\wamp\www\Tp\Admin\Runtime\Cache\b281e7303a51708a2850bfab05f89f50.php 第 41 行.
NOTIC: [8] Undefined index: _order E:\wamp\www\Tp\Admin\Runtime\Cache\b281e7303a51708a2850bfab05f89f50.php 第 42 行.
NOTIC: [8] Undefined index: _order E:\wamp\www\Tp\Admin\Runtime\Cache\b281e7303a51708a2850bfab05f89f50.php 第 43 行.
NOTIC: [8] Undefined index: _order E:\wamp\www\Tp\Admin\Runtime\Cache\b281e7303a51708a2850bfab05f89f50.php 第 44 行.
NOTIC: [8] Undefined index: _order E:\wamp\www\Tp\Admin\Runtime\Cache\b281e7303a51708a2850bfab05f89f50.php 第 45 行.
NOTIC: [8] Undefined index: _order E:\wamp\www\Tp\Admin\Runtime\Cache\b281e7303a51708a2850bfab05f89f50.php 第 46 行.
NOTIC: [8] Undefined index: _order E:\wamp\www\Tp\Admin\Runtime\Cache\b281e7303a51708a2850bfab05f89f50.php 第 47 行.
INFO: ParseTemplate Behavior ::run [ RunTime:0.015609s ]
INFO: [ view_parse ] --END-- [ RunTime:0.015685s ]
INFO: [ view_filter ] --START--
INFO: ContentReplace Behavior ::run [ RunTime:0.000579s ]
INFO: TokenBuild Behavior ::run [ RunTime:0.000524s ]
INFO: WriteHtmlCache Behavior ::run [ RunTime:0.000429s ]
INFO: ShowRuntime Behavior ::run [ RunTime:0.000658s ]
INFO: [ view_filter ] --END-- [ RunTime:0.002368s ]
INFO: [ view_end ] --START--
INFO: ShowPageTrace Behavior ::run [ RunTime:0.000899s ]
INFO: [ view_end ] --END-- [ RunTime:0.001005s ]

[ 2015-12-09T12:24:27+08:00 ] 127.0.0.1 /Admin/index.php/Email/index/?_=1449635067543
INFO: [ app_begin ] --START--
INFO: ReadHtmlCache Behavior ::run [ RunTime:0.000612s ]
INFO: [ app_begin ] --END-- [ RunTime:0.000680s ]
INFO: [ view_parse ] --START--
NOTIC: [8] Undefined index: _order E:\wamp\www\Tp\Admin\Runtime\Cache\99b30fcb52ba53159ac1604e576be499.php 第 3 行.
NOTIC: [8] Undefined index: _sort E:\wamp\www\Tp\Admin\Runtime\Cache\99b30fcb52ba53159ac1604e576be499.php 第 4 行.
NOTIC: [8] Undefined index: _order E:\wamp\www\Tp\Admin\Runtime\Cache\99b30fcb52ba53159ac1604e576be499.php 第 41 行.
NOTIC: [8] Undefined index: _order E:\wamp\www\Tp\Admin\Runtime\Cache\99b30fcb52ba53159ac1604e576be499.php 第 42 行.
NOTIC: [8] Undefined index: _order E:\wamp\www\Tp\Admin\Runtime\Cache\99b30fcb52ba53159ac1604e576be499.php 第 43 行.
NOTIC: [8] Undefined index: _order E:\wamp\www\Tp\Admin\Runtime\Cache\99b30fcb52ba53159ac1604e576be499.php 第 44 行.
NOTIC: [8] Undefined variable: list E:\wamp\www\Tp\Admin\Runtime\Cache\99b30fcb52ba53159ac1604e576be499.php 第 48 行.
NOTIC: [8] Undefined variable: totalCount E:\wamp\www\Tp\Admin\Runtime\Cache\99b30fcb52ba53159ac1604e576be499.php 第 60 行.
NOTIC: [8] Undefined variable: totalCount E:\wamp\www\Tp\Admin\Runtime\Cache\99b30fcb52ba53159ac1604e576be499.php 第 62 行.
NOTIC: [8] Undefined variable: numPerPage E:\wamp\www\Tp\Admin\Runtime\Cache\99b30fcb52ba53159ac1604e576be499.php 第 62 行.
NOTIC: [8] Undefined variable: currentPage E:\wamp\www\Tp\Admin\Runtime\Cache\99b30fcb52ba53159ac1604e576be499.php 第 62 行.
INFO: ParseTemplate Behavior ::run [ RunTime:0.025061s ]
INFO: [ view_parse ] --END-- [ RunTime:0.025140s ]
INFO: [ view_filter ] --START--
INFO: ContentReplace Behavior ::run [ RunTime:0.000595s ]
INFO: TokenBuild Behavior ::run [ RunTime:0.000717s ]
INFO: WriteHtmlCache Behavior ::run [ RunTime:0.000653s ]
INFO: ShowRuntime Behavior ::run [ RunTime:0.000790s ]
INFO: [ view_filter ] --END-- [ RunTime:0.003007s ]
INFO: [ view_end ] --START--
INFO: ShowPageTrace Behavior ::run [ RunTime:0.002989s ]
INFO: [ view_end ] --END-- [ RunTime:0.003107s ]

[ 2015-12-09T12:24:28+08:00 ] 127.0.0.1 /Admin/index.php/User/index/?_=1449635068310
INFO: [ app_begin ] --START--
INFO: ReadHtmlCache Behavior ::run [ RunTime:0.000625s ]
INFO: [ app_begin ] --END-- [ RunTime:0.000693s ]
SQL: SHOW COLUMNS FROM `user` [ RunTime:0.003352s ]
NOTIC: [8] Undefined index: account E:\wamp\www\Tp\Admin\Lib\Action\UserAction.class.php 第 6 行.
SQL: SELECT COUNT(id) AS tp_count FROM `user` WHERE ( `id` >= 2 ) AND ( `account` LIKE '%%' ) LIMIT 1   [ RunTime:0.000292s ]
SQL: SELECT * FROM `user` WHERE ( `id` >= 2 ) AND ( `account` LIKE '%%' ) ORDER BY `id` desc LIMIT 0,20   [ RunTime:0.000352s ]
INFO: [ view_parse ] --START--
NOTIC: [8] Undefined index: _order E:\wamp\www\Tp\Admin\Runtime\Cache\b281e7303a51708a2850bfab05f89f50.php 第 3 行.
NOTIC: [8] Undefined index: _sort E:\wamp\www\Tp\Admin\Runtime\Cache\b281e7303a51708a2850bfab05f89f50.php 第 4 行.
NOTIC: [8] Undefined index: _order E:\wamp\www\Tp\Admin\Runtime\Cache\b281e7303a51708a2850bfab05f89f50.php 第 41 行.
NOTIC: [8] Undefined index: _order E:\wamp\www\Tp\Admin\Runtime\Cache\b281e7303a51708a2850bfab05f89f50.php 第 42 行.
NOTIC: [8] Undefined index: _order E:\wamp\www\Tp\Admin\Runtime\Cache\b281e7303a51708a2850bfab05f89f50.php 第 43 行.
NOTIC: [8] Undefined index: _order E:\wamp\www\Tp\Admin\Runtime\Cache\b281e7303a51708a2850bfab05f89f50.php 第 44 行.
NOTIC: [8] Undefined index: _order E:\wamp\www\Tp\Admin\Runtime\Cache\b281e7303a51708a2850bfab05f89f50.php 第 45 行.
NOTIC: [8] Undefined index: _order E:\wamp\www\Tp\Admin\Runtime\Cache\b281e7303a51708a2850bfab05f89f50.php 第 46 行.
NOTIC: [8] Undefined index: _order E:\wamp\www\Tp\Admin\Runtime\Cache\b281e7303a51708a2850bfab05f89f50.php 第 47 行.
INFO: ParseTemplate Behavior ::run [ RunTime:0.011455s ]
INFO: [ view_parse ] --END-- [ RunTime:0.011532s ]
INFO: [ view_filter ] --START--
INFO: ContentReplace Behavior ::run [ RunTime:0.000635s ]
INFO: TokenBuild Behavior ::run [ RunTime:0.000526s ]
INFO: WriteHtmlCache Behavior ::run [ RunTime:0.000481s ]
INFO: ShowRuntime Behavior ::run [ RunTime:0.000650s ]
INFO: [ view_filter ] --END-- [ RunTime:0.002469s ]
INFO: [ view_end ] --START--
INFO: ShowPageTrace Behavior ::run [ RunTime:0.000656s ]
INFO: [ view_end ] --END-- [ RunTime:0.000721s ]

[ 2015-12-09T12:24:29+08:00 ] 127.0.0.1 /Admin/index.php/Role/index/?_=1449635069694
INFO: [ app_begin ] --START--
INFO: ReadHtmlCache Behavior ::run [ RunTime:0.000687s ]
INFO: [ app_begin ] --END-- [ RunTime:0.000762s ]
SQL: SHOW COLUMNS FROM `role` [ RunTime:0.004182s ]
NOTIC: [8] Undefined index: name E:\wamp\www\Tp\Admin\Lib\Action\RoleAction.class.php 第 5 行.
SQL: SELECT COUNT(id) AS tp_count FROM `role` WHERE ( `name` LIKE '%%' ) LIMIT 1   [ RunTime:0.000259s ]
SQL: SELECT * FROM `role` WHERE ( `name` LIKE '%%' ) ORDER BY `id` desc LIMIT 0,20   [ RunTime:0.000312s ]
INFO: [ view_parse ] --START--
NOTIC: [8] Undefined index: _order E:\wamp\www\Tp\Admin\Runtime\Cache\540802f0bd02d0614ae5d372827d97f4.php 第 3 行.
NOTIC: [8] Undefined index: _sort E:\wamp\www\Tp\Admin\Runtime\Cache\540802f0bd02d0614ae5d372827d97f4.php 第 4 行.
NOTIC: [8] Undefined index: _order E:\wamp\www\Tp\Admin\Runtime\Cache\540802f0bd02d0614ae5d372827d97f4.php 第 39 行.
NOTIC: [8] Undefined index: _order E:\wamp\www\Tp\Admin\Runtime\Cache\540802f0bd02d0614ae5d372827d97f4.php 第 41 行.
NOTIC: [8] Use of undefined constant __PUBLIC__ - assumed '__PUBLIC__' E:\wamp\www\Tp\Admin\Common\common.php 第 70 行.
NOTIC: [8] Use of undefined constant __PUBLIC__ - assumed '__PUBLIC__' E:\wamp\www\Tp\Admin\Common\common.php 第 70 行.
NOTIC: [8] Use of undefined constant __PUBLIC__ - assumed '__PUBLIC__' E:\wamp\www\Tp\Admin\Common\common.php 第 70 行.
INFO: ParseTemplate Behavior ::run [ RunTime:0.009260s ]
INFO: [ view_parse ] --END-- [ RunTime:0.009337s ]
INFO: [ view_filter ] --START--
INFO: ContentReplace Behavior ::run [ RunTime:0.000570s ]
INFO: TokenBuild Behavior ::run [ RunTime:0.000534s ]
INFO: WriteHtmlCache Behavior ::run [ RunTime:0.000429s ]
INFO: ShowRuntime Behavior ::run [ RunTime:0.000650s ]
INFO: [ view_filter ] --END-- [ RunTime:0.002360s ]
INFO: [ view_end ] --START--
INFO: ShowPageTrace Behavior ::run [ RunTime:0.000628s ]
INFO: [ view_end ] --END-- [ RunTime:0.000694s ]

[ 2015-12-09T12:24:30+08:00 ] 127.0.0.1 /Admin/index.php/Node/index/?_=1449635070009
INFO: [ app_begin ] --START--
INFO: ReadHtmlCache Behavior ::run [ RunTime:0.000850s ]
INFO: [ app_begin ] --END-- [ RunTime:0.000924s ]
SQL: SHOW COLUMNS FROM `group` [ RunTime:0.003284s ]
SQL: SELECT `id`,`title` FROM `group` WHERE ( status=1 )  [ RunTime:0.000238s ]
SQL: SHOW COLUMNS FROM `node` [ RunTime:0.003257s ]
NOTIC: [8] Undefined index: pid E:\wamp\www\Tp\Admin\Lib\Action\NodeAction.class.php 第 11 行.
SQL: SHOW COLUMNS FROM `node` [ RunTime:0.007407s ]
SQL: SELECT * FROM `node` WHERE ( `id` = 0 ) LIMIT 1   [ RunTime:0.000274s ]
SQL: SELECT COUNT(id) AS tp_count FROM `node` WHERE ( `pid` = 0 ) LIMIT 1   [ RunTime:0.000204s ]
SQL: SELECT * FROM `node` WHERE ( `pid` = 0 ) ORDER BY `id` desc LIMIT 0,20   [ RunTime:0.000328s ]
INFO: [ view_parse ] --START--
NOTIC: [8] Undefined index: _order E:\wamp\www\Tp\Admin\Runtime\Cache\fc73575304ffe6a06a61dd52ee406a2c.php 第 3 行.
NOTIC: [8] Undefined index: _sort E:\wamp\www\Tp\Admin\Runtime\Cache\fc73575304ffe6a06a61dd52ee406a2c.php 第 4 行.
NOTIC: [8] Use of undefined constant __PUBLIC__ - assumed '__PUBLIC__' E:\wamp\www\Tp\Admin\Common\common.php 第 70 行.
INFO: ParseTemplate Behavior ::run [ RunTime:0.008493s ]
INFO: [ view_parse ] --END-- [ RunTime:0.008566s ]
INFO: [ view_filter ] --START--
INFO: ContentReplace Behavior ::run [ RunTime:0.000639s ]
INFO: TokenBuild Behavior ::run [ RunTime:0.000528s ]
INFO: WriteHtmlCache Behavior ::run [ RunTime:0.000449s ]
INFO: ShowRuntime Behavior ::run [ RunTime:0.000655s ]
INFO: [ view_filter ] --END-- [ RunTime:0.002467s ]
INFO: [ view_end ] --START--
INFO: ShowPageTrace Behavior ::run [ RunTime:0.000632s ]
INFO: [ view_end ] --END-- [ RunTime:0.000698s ]

[ 2015-12-09T14:25:35+08:00 ] 127.0.0.1 /Admin/index.php/Role/index/?_=1449642335841
INFO: [ app_begin ] --START--
INFO: ReadHtmlCache Behavior ::run [ RunTime:0.000671s ]
INFO: [ app_begin ] --END-- [ RunTime:0.000747s ]
SQL: SHOW COLUMNS FROM `role` [ RunTime:0.010534s ]
NOTIC: [8] Undefined index: name E:\wamp\www\Tp\Admin\Lib\Action\RoleAction.class.php 第 5 行.
SQL: SELECT COUNT(id) AS tp_count FROM `role` WHERE ( `name` LIKE '%%' ) LIMIT 1   [ RunTime:0.000479s ]
SQL: SELECT * FROM `role` WHERE ( `name` LIKE '%%' ) ORDER BY `id` desc LIMIT 0,20   [ RunTime:0.000279s ]
INFO: [ view_parse ] --START--
NOTIC: [8] Undefined index: _order E:\wamp\www\Tp\Admin\Runtime\Cache\540802f0bd02d0614ae5d372827d97f4.php 第 3 行.
NOTIC: [8] Undefined index: _sort E:\wamp\www\Tp\Admin\Runtime\Cache\540802f0bd02d0614ae5d372827d97f4.php 第 4 行.
NOTIC: [8] Undefined index: _order E:\wamp\www\Tp\Admin\Runtime\Cache\540802f0bd02d0614ae5d372827d97f4.php 第 39 行.
NOTIC: [8] Undefined index: _order E:\wamp\www\Tp\Admin\Runtime\Cache\540802f0bd02d0614ae5d372827d97f4.php 第 41 行.
NOTIC: [8] Use of undefined constant __PUBLIC__ - assumed '__PUBLIC__' E:\wamp\www\Tp\Admin\Common\common.php 第 70 行.
NOTIC: [8] Use of undefined constant __PUBLIC__ - assumed '__PUBLIC__' E:\wamp\www\Tp\Admin\Common\common.php 第 70 行.
NOTIC: [8] Use of undefined constant __PUBLIC__ - assumed '__PUBLIC__' E:\wamp\www\Tp\Admin\Common\common.php 第 70 行.
INFO: ParseTemplate Behavior ::run [ RunTime:0.010981s ]
INFO: [ view_parse ] --END-- [ RunTime:0.011062s ]
INFO: [ view_filter ] --START--
INFO: ContentReplace Behavior ::run [ RunTime:0.000629s ]
INFO: TokenBuild Behavior ::run [ RunTime:0.000554s ]
INFO: WriteHtmlCache Behavior ::run [ RunTime:0.000442s ]
INFO: ShowRuntime Behavior ::run [ RunTime:0.000649s ]
INFO: [ view_filter ] --END-- [ RunTime:0.002453s ]
INFO: [ view_end ] --START--
INFO: ShowPageTrace Behavior ::run [ RunTime:0.000627s ]
INFO: [ view_end ] --END-- [ RunTime:0.000697s ]

[ 2015-12-09T14:32:31+08:00 ] 127.0.0.1 /Admin/index.php/Role/app/groupId/7?_=1449642751215
INFO: [ app_begin ] --START--
INFO: ReadHtmlCache Behavior ::run [ RunTime:0.001118s ]
INFO: [ app_begin ] --END-- [ RunTime:0.001214s ]
SQL: SHOW COLUMNS FROM `node` [ RunTime:0.007010s ]
SQL: SELECT `id`,`title` FROM `node` WHERE ( level=1 )  [ RunTime:0.000284s ]
SQL: SHOW COLUMNS FROM `role` [ RunTime:0.002728s ]
SQL: SELECT `id`,`name` FROM `role`  [ RunTime:0.000187s ]
SQL: select b.id,b.title,b.name from access as a ,node as b where a.node_id=b.id and  b.pid=0 and a.role_id=7  [ RunTime:0.017617s ]
INFO: [ view_parse ] --START--
NOTIC: [8] Undefined variable: selectAppId E:\wamp\www\Tp\Admin\Runtime\Cache\5a58791dd0aa2feba108701ac714516d.php 第 65 行.
NOTIC: [2] in_array() expects parameter 2 to be array, null given E:\wamp\www\Tp\Admin\Runtime\Cache\5a58791dd0aa2feba108701ac714516d.php 第 65 行.
NOTIC: [8] Undefined variable: moduleList E:\wamp\www\Tp\Admin\Runtime\Cache\5a58791dd0aa2feba108701ac714516d.php 第 70 行.
NOTIC: [8] Undefined variable: selectAppId E:\wamp\www\Tp\Admin\Runtime\Cache\5a58791dd0aa2feba108701ac714516d.php 第 121 行.
NOTIC: [2] in_array() expects parameter 2 to be array, null given E:\wamp\www\Tp\Admin\Runtime\Cache\5a58791dd0aa2feba108701ac714516d.php 第 121 行.
NOTIC: [8] Undefined variable: moduleList E:\wamp\www\Tp\Admin\Runtime\Cache\5a58791dd0aa2feba108701ac714516d.php 第 129 行.
NOTIC: [8] Undefined variable: actionList E:\wamp\www\Tp\Admin\Runtime\Cache\5a58791dd0aa2feba108701ac714516d.php 第 134 行.
INFO: ParseTemplate Behavior ::run [ RunTime:0.035221s ]
INFO: [ view_parse ] --END-- [ RunTime:0.035305s ]
INFO: [ view_filter ] --START--
INFO: ContentReplace Behavior ::run [ RunTime:0.000673s ]
INFO: TokenBuild Behavior ::run [ RunTime:0.000551s ]
INFO: WriteHtmlCache Behavior ::run [ RunTime:0.000440s ]
INFO: ShowRuntime Behavior ::run [ RunTime:0.000659s ]
INFO: [ view_filter ] --END-- [ RunTime:0.002501s ]
INFO: [ view_end ] --START--
INFO: ShowPageTrace Behavior ::run [ RunTime:0.000629s ]
INFO: [ view_end ] --END-- [ RunTime:0.000694s ]

[ 2015-12-09T16:44:58+08:00 ] 127.0.0.1 /Admin/index.php/Role/index/?_=1449650698779
INFO: [ app_begin ] --START--
INFO: ReadHtmlCache Behavior ::run [ RunTime:0.002555s ]
INFO: [ app_begin ] --END-- [ RunTime:0.002644s ]
SQL: SHOW COLUMNS FROM `role` [ RunTime:0.004206s ]
NOTIC: [8] Undefined index: name E:\wamp\www\Tp\Admin\Lib\Action\RoleAction.class.php 第 5 行.
SQL: SELECT COUNT(id) AS tp_count FROM `role` WHERE ( `name` LIKE '%%' ) LIMIT 1   [ RunTime:0.000291s ]
SQL: SELECT * FROM `role` WHERE ( `name` LIKE '%%' ) ORDER BY `id` desc LIMIT 0,20   [ RunTime:0.005334s ]
INFO: [ view_parse ] --START--
NOTIC: [8] Undefined index: _order E:\wamp\www\Tp\Admin\Runtime\Cache\540802f0bd02d0614ae5d372827d97f4.php 第 3 行.
NOTIC: [8] Undefined index: _sort E:\wamp\www\Tp\Admin\Runtime\Cache\540802f0bd02d0614ae5d372827d97f4.php 第 4 行.
NOTIC: [8] Undefined index: _order E:\wamp\www\Tp\Admin\Runtime\Cache\540802f0bd02d0614ae5d372827d97f4.php 第 39 行.
NOTIC: [8] Undefined index: _order E:\wamp\www\Tp\Admin\Runtime\Cache\540802f0bd02d0614ae5d372827d97f4.php 第 41 行.
NOTIC: [8] Use of undefined constant __PUBLIC__ - assumed '__PUBLIC__' E:\wamp\www\Tp\Admin\Common\common.php 第 70 行.
NOTIC: [8] Use of undefined constant __PUBLIC__ - assumed '__PUBLIC__' E:\wamp\www\Tp\Admin\Common\common.php 第 70 行.
NOTIC: [8] Use of undefined constant __PUBLIC__ - assumed '__PUBLIC__' E:\wamp\www\Tp\Admin\Common\common.php 第 70 行.
INFO: ParseTemplate Behavior ::run [ RunTime:0.009135s ]
INFO: [ view_parse ] --END-- [ RunTime:0.009209s ]
INFO: [ view_filter ] --START--
INFO: ContentReplace Behavior ::run [ RunTime:0.000673s ]
INFO: TokenBuild Behavior ::run [ RunTime:0.001730s ]
INFO: WriteHtmlCache Behavior ::run [ RunTime:0.000721s ]
INFO: ShowRuntime Behavior ::run [ RunTime:0.000811s ]
INFO: [ view_filter ] --END-- [ RunTime:0.005633s ]
INFO: [ view_end ] --START--
INFO: ShowPageTrace Behavior ::run [ RunTime:0.000905s ]
INFO: [ view_end ] --END-- [ RunTime:0.000991s ]

[ 2015-12-09T16:56:12+08:00 ] 127.0.0.1 /Admin/index.php/Role/app/groupId/2?_=1449651372656
INFO: [ app_begin ] --START--
INFO: ReadHtmlCache Behavior ::run [ RunTime:0.000605s ]
INFO: [ app_begin ] --END-- [ RunTime:0.000677s ]
SQL: SHOW COLUMNS FROM `node` [ RunTime:0.003852s ]
SQL: SELECT `id`,`title` FROM `node` WHERE ( level=1 )  [ RunTime:0.000307s ]
SQL: SHOW COLUMNS FROM `role` [ RunTime:0.003129s ]
SQL: SELECT `id`,`name` FROM `role`  [ RunTime:0.000234s ]
SQL: select b.id,b.title,b.name from access as a ,node as b where a.node_id=b.id and  b.pid=0 and a.role_id=2  [ RunTime:0.000897s ]
INFO: [ view_parse ] --START--
NOTIC: [8] Undefined variable: selectAppId E:\wamp\www\Tp\Admin\Runtime\Cache\5a58791dd0aa2feba108701ac714516d.php 第 65 行.
NOTIC: [2] in_array() expects parameter 2 to be array, null given E:\wamp\www\Tp\Admin\Runtime\Cache\5a58791dd0aa2feba108701ac714516d.php 第 65 行.
NOTIC: [8] Undefined variable: moduleList E:\wamp\www\Tp\Admin\Runtime\Cache\5a58791dd0aa2feba108701ac714516d.php 第 70 行.
NOTIC: [8] Undefined variable: selectAppId E:\wamp\www\Tp\Admin\Runtime\Cache\5a58791dd0aa2feba108701ac714516d.php 第 121 行.
NOTIC: [2] in_array() expects parameter 2 to be array, null given E:\wamp\www\Tp\Admin\Runtime\Cache\5a58791dd0aa2feba108701ac714516d.php 第 121 行.
NOTIC: [8] Undefined variable: moduleList E:\wamp\www\Tp\Admin\Runtime\Cache\5a58791dd0aa2feba108701ac714516d.php 第 129 行.
NOTIC: [8] Undefined variable: actionList E:\wamp\www\Tp\Admin\Runtime\Cache\5a58791dd0aa2feba108701ac714516d.php 第 134 行.
INFO: ParseTemplate Behavior ::run [ RunTime:0.017394s ]
INFO: [ view_parse ] --END-- [ RunTime:0.017470s ]
INFO: [ view_filter ] --START--
INFO: ContentReplace Behavior ::run [ RunTime:0.000842s ]
INFO: TokenBuild Behavior ::run [ RunTime:0.001198s ]
INFO: WriteHtmlCache Behavior ::run [ RunTime:0.000655s ]
INFO: ShowRuntime Behavior ::run [ RunTime:0.000702s ]
INFO: [ view_filter ] --END-- [ RunTime:0.003694s ]
INFO: [ view_end ] --START--
INFO: ShowPageTrace Behavior ::run [ RunTime:0.000676s ]
INFO: [ view_end ] --END-- [ RunTime:0.000736s ]

[ 2015-12-09T16:56:15+08:00 ] 127.0.0.1 /Admin/index.php/Role/module/groupId/2?_=1449651375634
INFO: [ app_begin ] --START--
INFO: ReadHtmlCache Behavior ::run [ RunTime:0.000594s ]
INFO: [ app_begin ] --END-- [ RunTime:0.000662s ]
NOTIC: [8] Undefined index: appId E:\wamp\www\Tp\Admin\Lib\Action\RoleAction.class.php 第 126 行.
SQL: SHOW COLUMNS FROM `role` [ RunTime:0.003751s ]
SQL: SELECT `id`,`name` FROM `role`  [ RunTime:0.000231s ]
SQL: select b.id,b.title,b.name from access as a ,node as b where a.node_id=b.id and  b.pid=0 and a.role_id=2  [ RunTime:0.000236s ]
SQL: SHOW COLUMNS FROM `node` [ RunTime:0.003283s ]
NOTIC: [8] Undefined variable: moduleList E:\wamp\www\Tp\Admin\Lib\Action\RoleAction.class.php 第 167 行.
INFO: [ view_parse ] --START--
NOTIC: [8] Undefined variable: selectAppId E:\wamp\www\Tp\Admin\Runtime\Cache\8edb1fbd5ae2921e3a2800ff7d2cd944.php 第 8 行.
NOTIC: [2] in_array() expects parameter 2 to be array, null given E:\wamp\www\Tp\Admin\Runtime\Cache\8edb1fbd5ae2921e3a2800ff7d2cd944.php 第 8 行.
INFO: ParseTemplate Behavior ::run [ RunTime:0.009334s ]
INFO: [ view_parse ] --END-- [ RunTime:0.009410s ]
INFO: [ view_filter ] --START--
INFO: ContentReplace Behavior ::run [ RunTime:0.000565s ]
INFO: TokenBuild Behavior ::run [ RunTime:0.000526s ]
INFO: WriteHtmlCache Behavior ::run [ RunTime:0.000438s ]
INFO: ShowRuntime Behavior ::run [ RunTime:0.000654s ]
INFO: [ view_filter ] --END-- [ RunTime:0.002358s ]
INFO: [ view_end ] --START--
INFO: ShowPageTrace Behavior ::run [ RunTime:0.000637s ]
INFO: [ view_end ] --END-- [ RunTime:0.000698s ]

[ 2015-12-09T16:56:16+08:00 ] 127.0.0.1 /Admin/index.php/Role/action/groupId/2?_=1449651376385
INFO: [ app_begin ] --START--
INFO: ReadHtmlCache Behavior ::run [ RunTime:0.000597s ]
INFO: [ app_begin ] --END-- [ RunTime:0.000667s ]
NOTIC: [8] Undefined index: appId E:\wamp\www\Tp\Admin\Lib\Action\RoleAction.class.php 第 218 行.
NOTIC: [8] Undefined index: moduleId E:\wamp\www\Tp\Admin\Lib\Action\RoleAction.class.php 第 219 行.
SQL: SHOW COLUMNS FROM `role` [ RunTime:0.003239s ]
SQL: SELECT `id`,`name` FROM `role`  [ RunTime:0.000427s ]
SQL: select b.id,b.title,b.name from access as a ,node as b where a.node_id=b.id and  b.pid=0 and a.role_id=2  [ RunTime:0.000241s ]
SQL: SHOW COLUMNS FROM `node` [ RunTime:0.002750s ]
NOTIC: [8] Undefined variable: actionList E:\wamp\www\Tp\Admin\Lib\Action\RoleAction.class.php 第 278 行.
INFO: [ view_parse ] --START--
NOTIC: [8] Undefined variable: selectAppId E:\wamp\www\Tp\Admin\Runtime\Cache\db4fedf751f6d5a79c9d6c0471b141ec.php 第 28 行.
NOTIC: [2] in_array() expects parameter 2 to be array, null given E:\wamp\www\Tp\Admin\Runtime\Cache\db4fedf751f6d5a79c9d6c0471b141ec.php 第 28 行.
NOTIC: [8] Undefined variable: moduleList E:\wamp\www\Tp\Admin\Runtime\Cache\db4fedf751f6d5a79c9d6c0471b141ec.php 第 36 行.
INFO: ParseTemplate Behavior ::run [ RunTime:0.012597s ]
INFO: [ view_parse ] --END-- [ RunTime:0.012670s ]
INFO: [ view_filter ] --START--
INFO: ContentReplace Behavior ::run [ RunTime:0.000556s ]
INFO: TokenBuild Behavior ::run [ RunTime:0.000551s ]
INFO: WriteHtmlCache Behavior ::run [ RunTime:0.000439s ]
INFO: ShowRuntime Behavior ::run [ RunTime:0.000653s ]
INFO: [ view_filter ] --END-- [ RunTime:0.002369s ]
INFO: [ view_end ] --START--
INFO: ShowPageTrace Behavior ::run [ RunTime:0.000637s ]
INFO: [ view_end ] --END-- [ RunTime:0.000698s ]

[ 2015-12-09T16:57:03+08:00 ] 127.0.0.1 /Admin/index.php/Role/module/groupId/2/appId/1?_=1449651423887
INFO: [ app_begin ] --START--
INFO: ReadHtmlCache Behavior ::run [ RunTime:0.000604s ]
INFO: [ app_begin ] --END-- [ RunTime:0.000673s ]
SQL: SHOW COLUMNS FROM `role` [ RunTime:0.011857s ]
SQL: SELECT `id`,`name` FROM `role`  [ RunTime:0.000232s ]
SQL: select b.id,b.title,b.name from access as a ,node as b where a.node_id=b.id and  b.pid=0 and a.role_id=2  [ RunTime:0.000322s ]
SQL: SHOW COLUMNS FROM `node` [ RunTime:0.002648s ]
SQL: SELECT `id`,`title` FROM `node` WHERE ( `level` = 2 ) AND ( `pid` = 1 )  [ RunTime:0.000250s ]
SQL: select b.id,b.title,b.name from access as a ,node as b where a.node_id=b.id and  b.pid=1 and a.role_id=2  [ RunTime:0.000221s ]
INFO: [ view_parse ] --START--
INFO: ParseTemplate Behavior ::run [ RunTime:0.009602s ]
INFO: [ view_parse ] --END-- [ RunTime:0.009693s ]
INFO: [ view_filter ] --START--
INFO: ContentReplace Behavior ::run [ RunTime:0.000571s ]
INFO: TokenBuild Behavior ::run [ RunTime:0.000571s ]
INFO: WriteHtmlCache Behavior ::run [ RunTime:0.000437s ]
INFO: ShowRuntime Behavior ::run [ RunTime:0.000651s ]
INFO: [ view_filter ] --END-- [ RunTime:0.002411s ]
INFO: [ view_end ] --START--
INFO: ShowPageTrace Behavior ::run [ RunTime:0.000642s ]
INFO: [ view_end ] --END-- [ RunTime:0.000706s ]

[ 2015-12-09T16:57:07+08:00 ] 127.0.0.1 /Admin/index.php/Role/action/groupId/2/appId/1?_=1449651426990
INFO: [ app_begin ] --START--
INFO: ReadHtmlCache Behavior ::run [ RunTime:0.000599s ]
INFO: [ app_begin ] --END-- [ RunTime:0.000669s ]
NOTIC: [8] Undefined index: moduleId E:\wamp\www\Tp\Admin\Lib\Action\RoleAction.class.php 第 219 行.
SQL: SHOW COLUMNS FROM `role` [ RunTime:0.008400s ]
SQL: SELECT `id`,`name` FROM `role`  [ RunTime:0.000224s ]
SQL: select b.id,b.title,b.name from access as a ,node as b where a.node_id=b.id and  b.pid=0 and a.role_id=2  [ RunTime:0.000239s ]
SQL: select b.id,b.title,b.name from access as a ,node as b where a.node_id=b.id and  b.pid=1 and a.role_id=2  [ RunTime:0.000244s ]
SQL: SHOW COLUMNS FROM `node` [ RunTime:0.002782s ]
NOTIC: [8] Undefined variable: actionList E:\wamp\www\Tp\Admin\Lib\Action\RoleAction.class.php 第 278 行.
INFO: [ view_parse ] --START--
NOTIC: [8] Undefined variable: selectModuleId E:\wamp\www\Tp\Admin\Runtime\Cache\db4fedf751f6d5a79c9d6c0471b141ec.php 第 10 行.
NOTIC: [2] in_array() expects parameter 2 to be array, null given E:\wamp\www\Tp\Admin\Runtime\Cache\db4fedf751f6d5a79c9d6c0471b141ec.php 第 10 行.
NOTIC: [8] Undefined variable: selectModuleId E:\wamp\www\Tp\Admin\Runtime\Cache\db4fedf751f6d5a79c9d6c0471b141ec.php 第 10 行.
NOTIC: [2] in_array() expects parameter 2 to be array, null given E:\wamp\www\Tp\Admin\Runtime\Cache\db4fedf751f6d5a79c9d6c0471b141ec.php 第 10 行.
INFO: ParseTemplate Behavior ::run [ RunTime:0.012602s ]
INFO: [ view_parse ] --END-- [ RunTime:0.012679s ]
INFO: [ view_filter ] --START--
INFO: ContentReplace Behavior ::run [ RunTime:0.000556s ]
INFO: TokenBuild Behavior ::run [ RunTime:0.000517s ]
INFO: WriteHtmlCache Behavior ::run [ RunTime:0.000430s ]
INFO: ShowRuntime Behavior ::run [ RunTime:0.000649s ]
INFO: [ view_filter ] --END-- [ RunTime:0.002323s ]
INFO: [ view_end ] --START--
INFO: ShowPageTrace Behavior ::run [ RunTime:0.000612s ]
INFO: [ view_end ] --END-- [ RunTime:0.000672s ]

[ 2015-12-09T16:57:15+08:00 ] 127.0.0.1 /Admin/index.php/Role/action/groupId/2/appId/1/moduleId/40?_=1449651435141
INFO: [ app_begin ] --START--
INFO: ReadHtmlCache Behavior ::run [ RunTime:0.000621s ]
INFO: [ app_begin ] --END-- [ RunTime:0.000694s ]
SQL: SHOW COLUMNS FROM `role` [ RunTime:0.006871s ]
SQL: SELECT `id`,`name` FROM `role`  [ RunTime:0.000227s ]
SQL: select b.id,b.title,b.name from access as a ,node as b where a.node_id=b.id and  b.pid=0 and a.role_id=2  [ RunTime:0.000243s ]
SQL: select b.id,b.title,b.name from access as a ,node as b where a.node_id=b.id and  b.pid=1 and a.role_id=2  [ RunTime:0.000249s ]
SQL: SHOW COLUMNS FROM `node` [ RunTime:0.002705s ]
SQL: SELECT `id`,`title` FROM `node` WHERE ( `level` = 3 ) AND ( `pid` = 40 )  [ RunTime:0.000229s ]
SQL: select b.id,b.title,b.name from access as a ,node as b where a.node_id=b.id and  b.pid=40 and  a.role_id=2  [ RunTime:0.000184s ]
INFO: [ view_parse ] --START--
INFO: ParseTemplate Behavior ::run [ RunTime:0.011768s ]
INFO: [ view_parse ] --END-- [ RunTime:0.011875s ]
INFO: [ view_filter ] --START--
INFO: ContentReplace Behavior ::run [ RunTime:0.000561s ]
INFO: TokenBuild Behavior ::run [ RunTime:0.000525s ]
INFO: WriteHtmlCache Behavior ::run [ RunTime:0.000431s ]
INFO: ShowRuntime Behavior ::run [ RunTime:0.000649s ]
INFO: [ view_filter ] --END-- [ RunTime:0.002337s ]
INFO: [ view_end ] --START--
INFO: ShowPageTrace Behavior ::run [ RunTime:0.000617s ]
INFO: [ view_end ] --END-- [ RunTime:0.000678s ]

[ 2015-12-09T16:57:29+08:00 ] 127.0.0.1 /Admin/index.php/Role/setAction
INFO: [ app_begin ] --START--
INFO: ReadHtmlCache Behavior ::run [ RunTime:0.005214s ]
INFO: [ app_begin ] --END-- [ RunTime:0.005303s ]
SQL: SHOW COLUMNS FROM `role` [ RunTime:0.004055s ]
SQL: delete from access where level=3 and pid=40 and role_id=2 [ RunTime:0.033637s ]
SQL: INSERT INTO access (role_id,node_id,pid,level) SELECT a.id, b.id,b.pid,b.level FROM role a, node b WHERE a.id =2 AND b.id in(50) [ RunTime:0.009478s ]
NOTIC: [8] Undefined variable: result E:\wamp\www\Tp\Admin\Lib\Model\RoleModel.class.php 第 109 行.
NOTIC: [8] Undefined index: navTabId E:\wamp\www\Tp\ThinkPHP\Lib\Core\Action.class.php 第 376 行.
NOTIC: [8] Undefined index: rel E:\wamp\www\Tp\ThinkPHP\Lib\Core\Action.class.php 第 377 行.
NOTIC: [8] Undefined index: callbackType E:\wamp\www\Tp\ThinkPHP\Lib\Core\Action.class.php 第 378 行.
NOTIC: [8] Undefined index: forwardUrl E:\wamp\www\Tp\ThinkPHP\Lib\Core\Action.class.php 第 379 行.
NOTIC: [8] Undefined index: confirmMsg E:\wamp\www\Tp\ThinkPHP\Lib\Core\Action.class.php 第 380 行.

[ 2015-12-09T16:57:29+08:00 ] 127.0.0.1 /Admin/index.php/Role
INFO: [ app_begin ] --START--
INFO: ReadHtmlCache Behavior ::run [ RunTime:0.000574s ]
INFO: [ app_begin ] --END-- [ RunTime:0.000644s ]
SQL: SHOW COLUMNS FROM `role` [ RunTime:0.005161s ]
SQL: SELECT COUNT(id) AS tp_count FROM `role` WHERE ( `name` LIKE '%%' ) LIMIT 1   [ RunTime:0.000264s ]
SQL: SELECT * FROM `role` WHERE ( `name` LIKE '%%' ) ORDER BY `id` desc LIMIT 0,20   [ RunTime:0.000242s ]
INFO: [ view_parse ] --START--
NOTIC: [8] Use of undefined constant __PUBLIC__ - assumed '__PUBLIC__' E:\wamp\www\Tp\Admin\Common\common.php 第 70 行.
NOTIC: [8] Use of undefined constant __PUBLIC__ - assumed '__PUBLIC__' E:\wamp\www\Tp\Admin\Common\common.php 第 70 行.
NOTIC: [8] Use of undefined constant __PUBLIC__ - assumed '__PUBLIC__' E:\wamp\www\Tp\Admin\Common\common.php 第 70 行.
INFO: ParseTemplate Behavior ::run [ RunTime:0.010763s ]
INFO: [ view_parse ] --END-- [ RunTime:0.010844s ]
INFO: [ view_filter ] --START--
INFO: ContentReplace Behavior ::run [ RunTime:0.000536s ]
INFO: TokenBuild Behavior ::run [ RunTime:0.000475s ]
INFO: WriteHtmlCache Behavior ::run [ RunTime:0.000387s ]
INFO: ShowRuntime Behavior ::run [ RunTime:0.000608s ]
INFO: [ view_filter ] --END-- [ RunTime:0.002193s ]
INFO: [ view_end ] --START--
INFO: ShowPageTrace Behavior ::run [ RunTime:0.000596s ]
INFO: [ view_end ] --END-- [ RunTime:0.000666s ]

[ 2015-12-09T16:58:13+08:00 ] 127.0.0.1 /Admin/index.php/Role/action/groupId/2/appId/1/moduleId/30?_=1449651493342
INFO: [ app_begin ] --START--
INFO: ReadHtmlCache Behavior ::run [ RunTime:0.000543s ]
INFO: [ app_begin ] --END-- [ RunTime:0.000612s ]
SQL: SHOW COLUMNS FROM `role` [ RunTime:0.008773s ]
SQL: SELECT `id`,`name` FROM `role`  [ RunTime:0.000282s ]
SQL: select b.id,b.title,b.name from access as a ,node as b where a.node_id=b.id and  b.pid=0 and a.role_id=2  [ RunTime:0.000293s ]
SQL: select b.id,b.title,b.name from access as a ,node as b where a.node_id=b.id and  b.pid=1 and a.role_id=2  [ RunTime:0.000265s ]
SQL: SHOW COLUMNS FROM `node` [ RunTime:0.002980s ]
SQL: SELECT `id`,`title` FROM `node` WHERE ( `level` = 3 ) AND ( `pid` = 30 )  [ RunTime:0.000282s ]
SQL: select b.id,b.title,b.name from access as a ,node as b where a.node_id=b.id and  b.pid=30 and  a.role_id=2  [ RunTime:0.000239s ]
INFO: [ view_parse ] --START--
INFO: ParseTemplate Behavior ::run [ RunTime:0.014992s ]
INFO: [ view_parse ] --END-- [ RunTime:0.015081s ]
INFO: [ view_filter ] --START--
INFO: ContentReplace Behavior ::run [ RunTime:0.000490s ]
INFO: TokenBuild Behavior ::run [ RunTime:0.000914s ]
INFO: WriteHtmlCache Behavior ::run [ RunTime:0.000397s ]
INFO: ShowRuntime Behavior ::run [ RunTime:0.000601s ]
INFO: [ view_filter ] --END-- [ RunTime:0.002581s ]
INFO: [ view_end ] --START--
INFO: ShowPageTrace Behavior ::run [ RunTime:0.000575s ]
INFO: [ view_end ] --END-- [ RunTime:0.000637s ]

