[ 2015-11-16T11:03:02+08:00 ] 127.0.0.1 /Admin/index.php/Index/index.html
INFO: [ view_parse ] --START--
INFO: ParseTemplate Behavior ::run [ RunTime:0.041419s ]
INFO: [ view_parse ] --END-- [ RunTime:0.041707s ]
INFO: [ view_filter ] --START--
INFO: ContentReplace Behavior ::run [ RunTime:0.001679s ]
INFO: TokenBuild Behavior ::run [ RunTime:0.001009s ]
INFO: WriteHtmlCache Behavior ::run [ RunTime:0.000838s ]
INFO: ShowRuntime Behavior ::run [ RunTime:0.001134s ]
INFO: [ view_filter ] --END-- [ RunTime:0.005033s ]
INFO: [ view_end ] --START--
INFO: ShowPageTrace Behavior ::run [ RunTime:0.001203s ]
INFO: [ view_end ] --END-- [ RunTime:0.001327s ]

[ 2015-11-16T11:03:08+08:00 ] 127.0.0.1 /Admin/index.php/Node/index/?_=1447642988367
INFO: [ app_begin ] --START--
INFO: ReadHtmlCache Behavior ::run [ RunTime:0.000652s ]
INFO: [ app_begin ] --END-- [ RunTime:0.000729s ]
SQL: SHOW COLUMNS FROM `group` [ RunTime:0.003907s ]
SQL: SELECT `id`,`title` FROM `group` WHERE ( status=1 )  [ RunTime:0.001517s ]
SQL: SHOW COLUMNS FROM `node` [ RunTime:0.006801s ]
NOTIC: [8] Undefined index: pid E:\wamp\www\Tp\Admin\Lib\Action\NodeAction.class.php 第 11 行.
SQL: SHOW COLUMNS FROM `node` [ RunTime:0.003330s ]
SQL: SELECT * FROM `node` WHERE ( `id` = 0 ) LIMIT 1   [ RunTime:0.000241s ]
SQL: SELECT COUNT(id) AS tp_count FROM `node` WHERE ( `pid` = 0 ) LIMIT 1   [ RunTime:0.036066s ]
SQL: SELECT * FROM `node` WHERE ( `pid` = 0 ) ORDER BY `id` desc LIMIT 0,20   [ RunTime:0.001472s ]
INFO: [ view_parse ] --START--
NOTIC: [8] Undefined index: _order E:\wamp\www\Tp\Admin\Runtime\Cache\fc73575304ffe6a06a61dd52ee406a2c.php 第 3 行.
NOTIC: [8] Undefined index: _sort E:\wamp\www\Tp\Admin\Runtime\Cache\fc73575304ffe6a06a61dd52ee406a2c.php 第 4 行.
NOTIC: [8] Use of undefined constant __PUBLIC__ - assumed '__PUBLIC__' E:\wamp\www\Tp\Admin\Common\common.php 第 70 行.
INFO: ParseTemplate Behavior ::run [ RunTime:0.020560s ]
INFO: [ view_parse ] --END-- [ RunTime:0.020642s ]
INFO: [ view_filter ] --START--
INFO: ContentReplace Behavior ::run [ RunTime:0.000537s ]
INFO: TokenBuild Behavior ::run [ RunTime:0.000539s ]
INFO: WriteHtmlCache Behavior ::run [ RunTime:0.000431s ]
INFO: ShowRuntime Behavior ::run [ RunTime:0.000642s ]
INFO: [ view_filter ] --END-- [ RunTime:0.002329s ]
INFO: [ view_end ] --START--
INFO: ShowPageTrace Behavior ::run [ RunTime:0.000623s ]
INFO: [ view_end ] --END-- [ RunTime:0.000686s ]

[ 2015-11-16T11:03:09+08:00 ] 127.0.0.1 /Admin/index.php/Role/index/?_=1447642989660
INFO: [ app_begin ] --START--
INFO: ReadHtmlCache Behavior ::run [ RunTime:0.000803s ]
INFO: [ app_begin ] --END-- [ RunTime:0.000883s ]
SQL: SHOW COLUMNS FROM `role` [ RunTime:0.003429s ]
NOTIC: [8] Undefined index: name E:\wamp\www\Tp\Admin\Lib\Action\RoleAction.class.php 第 5 行.
SQL: SELECT COUNT(id) AS tp_count FROM `role` WHERE ( `name` LIKE '%%' ) LIMIT 1   [ RunTime:0.002260s ]
SQL: SELECT * FROM `role` WHERE ( `name` LIKE '%%' ) ORDER BY `id` desc LIMIT 0,20   [ RunTime:0.006557s ]
INFO: [ view_parse ] --START--
NOTIC: [8] Undefined index: _order E:\wamp\www\Tp\Admin\Runtime\Cache\540802f0bd02d0614ae5d372827d97f4.php 第 3 行.
NOTIC: [8] Undefined index: _sort E:\wamp\www\Tp\Admin\Runtime\Cache\540802f0bd02d0614ae5d372827d97f4.php 第 4 行.
NOTIC: [8] Undefined index: _order E:\wamp\www\Tp\Admin\Runtime\Cache\540802f0bd02d0614ae5d372827d97f4.php 第 39 行.
NOTIC: [8] Undefined index: _order E:\wamp\www\Tp\Admin\Runtime\Cache\540802f0bd02d0614ae5d372827d97f4.php 第 41 行.
NOTIC: [8] Use of undefined constant __PUBLIC__ - assumed '__PUBLIC__' E:\wamp\www\Tp\Admin\Common\common.php 第 70 行.
NOTIC: [8] Use of undefined constant __PUBLIC__ - assumed '__PUBLIC__' E:\wamp\www\Tp\Admin\Common\common.php 第 70 行.
NOTIC: [8] Use of undefined constant __PUBLIC__ - assumed '__PUBLIC__' E:\wamp\www\Tp\Admin\Common\common.php 第 70 行.
INFO: ParseTemplate Behavior ::run [ RunTime:0.009709s ]
INFO: [ view_parse ] --END-- [ RunTime:0.009783s ]
INFO: [ view_filter ] --START--
INFO: ContentReplace Behavior ::run [ RunTime:0.000572s ]
INFO: TokenBuild Behavior ::run [ RunTime:0.000520s ]
INFO: WriteHtmlCache Behavior ::run [ RunTime:0.000409s ]
INFO: ShowRuntime Behavior ::run [ RunTime:0.001240s ]
INFO: [ view_filter ] --END-- [ RunTime:0.002918s ]
INFO: [ view_end ] --START--
INFO: ShowPageTrace Behavior ::run [ RunTime:0.000619s ]
INFO: [ view_end ] --END-- [ RunTime:0.000678s ]

[ 2015-11-16T11:03:10+08:00 ] 127.0.0.1 /Admin/index.php/User/index/?_=1447642990834
INFO: [ app_begin ] --START--
INFO: ReadHtmlCache Behavior ::run [ RunTime:0.000578s ]
INFO: [ app_begin ] --END-- [ RunTime:0.000647s ]
SQL: SHOW COLUMNS FROM `user` [ RunTime:0.008186s ]
NOTIC: [8] Undefined index: account E:\wamp\www\Tp\Admin\Lib\Action\UserAction.class.php 第 6 行.
SQL: SELECT COUNT(id) AS tp_count FROM `user` WHERE ( `id` >= 2 ) AND ( `account` LIKE '%%' ) LIMIT 1   [ RunTime:0.001337s ]
SQL: SELECT * FROM `user` WHERE ( `id` >= 2 ) AND ( `account` LIKE '%%' ) ORDER BY `id` desc LIMIT 0,20   [ RunTime:0.000354s ]
INFO: [ view_parse ] --START--
NOTIC: [8] Undefined index: _order E:\wamp\www\Tp\Admin\Runtime\Cache\b281e7303a51708a2850bfab05f89f50.php 第 3 行.
NOTIC: [8] Undefined index: _sort E:\wamp\www\Tp\Admin\Runtime\Cache\b281e7303a51708a2850bfab05f89f50.php 第 4 行.
NOTIC: [8] Undefined index: _order E:\wamp\www\Tp\Admin\Runtime\Cache\b281e7303a51708a2850bfab05f89f50.php 第 41 行.
NOTIC: [8] Undefined index: _order E:\wamp\www\Tp\Admin\Runtime\Cache\b281e7303a51708a2850bfab05f89f50.php 第 42 行.
NOTIC: [8] Undefined index: _order E:\wamp\www\Tp\Admin\Runtime\Cache\b281e7303a51708a2850bfab05f89f50.php 第 43 行.
NOTIC: [8] Undefined index: _order E:\wamp\www\Tp\Admin\Runtime\Cache\b281e7303a51708a2850bfab05f89f50.php 第 44 行.
NOTIC: [8] Undefined index: _order E:\wamp\www\Tp\Admin\Runtime\Cache\b281e7303a51708a2850bfab05f89f50.php 第 45 行.
NOTIC: [8] Undefined index: _order E:\wamp\www\Tp\Admin\Runtime\Cache\b281e7303a51708a2850bfab05f89f50.php 第 46 行.
NOTIC: [8] Undefined index: _order E:\wamp\www\Tp\Admin\Runtime\Cache\b281e7303a51708a2850bfab05f89f50.php 第 47 行.
INFO: ParseTemplate Behavior ::run [ RunTime:0.010795s ]
INFO: [ view_parse ] --END-- [ RunTime:0.010872s ]
INFO: [ view_filter ] --START--
INFO: ContentReplace Behavior ::run [ RunTime:0.000610s ]
INFO: TokenBuild Behavior ::run [ RunTime:0.000513s ]
INFO: WriteHtmlCache Behavior ::run [ RunTime:0.000426s ]
INFO: ShowRuntime Behavior ::run [ RunTime:0.000630s ]
INFO: [ view_filter ] --END-- [ RunTime:0.002355s ]
INFO: [ view_end ] --START--
INFO: ShowPageTrace Behavior ::run [ RunTime:0.000778s ]
INFO: [ view_end ] --END-- [ RunTime:0.000842s ]

[ 2015-11-16T11:03:11+08:00 ] 127.0.0.1 /Admin/index.php/Email/index/?_=1447642991397
INFO: [ app_begin ] --START--
INFO: ReadHtmlCache Behavior ::run [ RunTime:0.000580s ]
INFO: [ app_begin ] --END-- [ RunTime:0.000647s ]
INFO: [ view_parse ] --START--
NOTIC: [8] Undefined index: _order E:\wamp\www\Tp\Admin\Runtime\Cache\99b30fcb52ba53159ac1604e576be499.php 第 3 行.
NOTIC: [8] Undefined index: _sort E:\wamp\www\Tp\Admin\Runtime\Cache\99b30fcb52ba53159ac1604e576be499.php 第 4 行.
NOTIC: [8] Undefined index: _order E:\wamp\www\Tp\Admin\Runtime\Cache\99b30fcb52ba53159ac1604e576be499.php 第 41 行.
NOTIC: [8] Undefined index: _order E:\wamp\www\Tp\Admin\Runtime\Cache\99b30fcb52ba53159ac1604e576be499.php 第 42 行.
NOTIC: [8] Undefined index: _order E:\wamp\www\Tp\Admin\Runtime\Cache\99b30fcb52ba53159ac1604e576be499.php 第 43 行.
NOTIC: [8] Undefined index: _order E:\wamp\www\Tp\Admin\Runtime\Cache\99b30fcb52ba53159ac1604e576be499.php 第 44 行.
NOTIC: [8] Undefined variable: list E:\wamp\www\Tp\Admin\Runtime\Cache\99b30fcb52ba53159ac1604e576be499.php 第 48 行.
NOTIC: [8] Undefined variable: totalCount E:\wamp\www\Tp\Admin\Runtime\Cache\99b30fcb52ba53159ac1604e576be499.php 第 60 行.
NOTIC: [8] Undefined variable: totalCount E:\wamp\www\Tp\Admin\Runtime\Cache\99b30fcb52ba53159ac1604e576be499.php 第 62 行.
NOTIC: [8] Undefined variable: numPerPage E:\wamp\www\Tp\Admin\Runtime\Cache\99b30fcb52ba53159ac1604e576be499.php 第 62 行.
NOTIC: [8] Undefined variable: currentPage E:\wamp\www\Tp\Admin\Runtime\Cache\99b30fcb52ba53159ac1604e576be499.php 第 62 行.
INFO: ParseTemplate Behavior ::run [ RunTime:0.009513s ]
INFO: [ view_parse ] --END-- [ RunTime:0.009593s ]
INFO: [ view_filter ] --START--
INFO: ContentReplace Behavior ::run [ RunTime:0.000558s ]
INFO: TokenBuild Behavior ::run [ RunTime:0.000507s ]
INFO: WriteHtmlCache Behavior ::run [ RunTime:0.000414s ]
INFO: ShowRuntime Behavior ::run [ RunTime:0.000627s ]
INFO: [ view_filter ] --END-- [ RunTime:0.002299s ]
INFO: [ view_end ] --START--
INFO: ShowPageTrace Behavior ::run [ RunTime:0.000625s ]
INFO: [ view_end ] --END-- [ RunTime:0.000689s ]

[ 2015-11-16T11:03:17+08:00 ] 127.0.0.1 /Admin/index.php/Node/index/?_=1447642997564
INFO: [ app_begin ] --START--
INFO: ReadHtmlCache Behavior ::run [ RunTime:0.000617s ]
INFO: [ app_begin ] --END-- [ RunTime:0.000708s ]
SQL: SHOW COLUMNS FROM `group` [ RunTime:0.003325s ]
SQL: SELECT `id`,`title` FROM `group` WHERE ( status=1 )  [ RunTime:0.002514s ]
SQL: SHOW COLUMNS FROM `node` [ RunTime:0.004627s ]
NOTIC: [8] Undefined index: pid E:\wamp\www\Tp\Admin\Lib\Action\NodeAction.class.php 第 11 行.
SQL: SHOW COLUMNS FROM `node` [ RunTime:0.004046s ]
SQL: SELECT * FROM `node` WHERE ( `id` = 0 ) LIMIT 1   [ RunTime:0.000259s ]
SQL: SELECT COUNT(id) AS tp_count FROM `node` WHERE ( `pid` = 0 ) LIMIT 1   [ RunTime:0.000208s ]
SQL: SELECT * FROM `node` WHERE ( `pid` = 0 ) ORDER BY `id` desc LIMIT 0,20   [ RunTime:0.000282s ]
INFO: [ view_parse ] --START--
NOTIC: [8] Undefined index: _order E:\wamp\www\Tp\Admin\Runtime\Cache\fc73575304ffe6a06a61dd52ee406a2c.php 第 3 行.
NOTIC: [8] Undefined index: _sort E:\wamp\www\Tp\Admin\Runtime\Cache\fc73575304ffe6a06a61dd52ee406a2c.php 第 4 行.
NOTIC: [8] Use of undefined constant __PUBLIC__ - assumed '__PUBLIC__' E:\wamp\www\Tp\Admin\Common\common.php 第 70 行.
INFO: ParseTemplate Behavior ::run [ RunTime:0.009661s ]
INFO: [ view_parse ] --END-- [ RunTime:0.009733s ]
INFO: [ view_filter ] --START--
INFO: ContentReplace Behavior ::run [ RunTime:0.000556s ]
INFO: TokenBuild Behavior ::run [ RunTime:0.000526s ]
INFO: WriteHtmlCache Behavior ::run [ RunTime:0.000413s ]
INFO: ShowRuntime Behavior ::run [ RunTime:0.000678s ]
INFO: [ view_filter ] --END-- [ RunTime:0.002347s ]
INFO: [ view_end ] --START--
INFO: ShowPageTrace Behavior ::run [ RunTime:0.000616s ]
INFO: [ view_end ] --END-- [ RunTime:0.000676s ]

[ 2015-11-16T11:04:40+08:00 ] 127.0.0.1 /Admin/index.php/Node/index/?_=1447643080283
INFO: [ app_begin ] --START--
INFO: ReadHtmlCache Behavior ::run [ RunTime:0.000848s ]
INFO: [ app_begin ] --END-- [ RunTime:0.000916s ]
SQL: SHOW COLUMNS FROM `group` [ RunTime:0.008202s ]
SQL: SELECT `id`,`title` FROM `group` WHERE ( status=1 )  [ RunTime:0.000290s ]
SQL: SHOW COLUMNS FROM `node` [ RunTime:0.003069s ]
NOTIC: [8] Undefined index: pid E:\wamp\www\Tp\Admin\Lib\Action\NodeAction.class.php 第 11 行.
SQL: SHOW COLUMNS FROM `node` [ RunTime:0.002908s ]
SQL: SELECT * FROM `node` WHERE ( `id` = 0 ) LIMIT 1   [ RunTime:0.000239s ]
SQL: SELECT COUNT(id) AS tp_count FROM `node` WHERE ( `pid` = 0 ) LIMIT 1   [ RunTime:0.000215s ]
SQL: SELECT * FROM `node` WHERE ( `pid` = 0 ) ORDER BY `id` desc LIMIT 0,20   [ RunTime:0.000309s ]
INFO: [ view_parse ] --START--
NOTIC: [8] Undefined index: _order E:\wamp\www\Tp\Admin\Runtime\Cache\fc73575304ffe6a06a61dd52ee406a2c.php 第 3 行.
NOTIC: [8] Undefined index: _sort E:\wamp\www\Tp\Admin\Runtime\Cache\fc73575304ffe6a06a61dd52ee406a2c.php 第 4 行.
NOTIC: [8] Use of undefined constant __PUBLIC__ - assumed '__PUBLIC__' E:\wamp\www\Tp\Admin\Common\common.php 第 70 行.
INFO: ParseTemplate Behavior ::run [ RunTime:0.009261s ]
INFO: [ view_parse ] --END-- [ RunTime:0.009340s ]
INFO: [ view_filter ] --START--
INFO: ContentReplace Behavior ::run [ RunTime:0.000887s ]
INFO: TokenBuild Behavior ::run [ RunTime:0.001096s ]
INFO: WriteHtmlCache Behavior ::run [ RunTime:0.001414s ]
INFO: ShowRuntime Behavior ::run [ RunTime:0.001309s ]
INFO: [ view_filter ] --END-- [ RunTime:0.004999s ]
INFO: [ view_end ] --START--
INFO: ShowPageTrace Behavior ::run [ RunTime:0.000728s ]
INFO: [ view_end ] --END-- [ RunTime:0.000791s ]

[ 2015-11-16T11:04:41+08:00 ] 127.0.0.1 /Admin/index.php/Node/index/pid/1/?_=1447643080959
INFO: [ app_begin ] --START--
INFO: ReadHtmlCache Behavior ::run [ RunTime:0.000573s ]
INFO: [ app_begin ] --END-- [ RunTime:0.000641s ]
SQL: SHOW COLUMNS FROM `group` [ RunTime:0.004195s ]
SQL: SELECT `id`,`title` FROM `group` WHERE ( status=1 )  [ RunTime:0.000227s ]
SQL: SHOW COLUMNS FROM `node` [ RunTime:0.004421s ]
SQL: SHOW COLUMNS FROM `node` [ RunTime:0.007569s ]
SQL: SELECT * FROM `node` WHERE ( `id` = 1 ) LIMIT 1   [ RunTime:0.000272s ]
SQL: SELECT COUNT(id) AS tp_count FROM `node` WHERE ( `pid` = 1 ) LIMIT 1   [ RunTime:0.000213s ]
SQL: SELECT * FROM `node` WHERE ( `pid` = 1 ) ORDER BY `id` desc LIMIT 0,20   [ RunTime:0.000306s ]
INFO: [ view_parse ] --START--
NOTIC: [8] Undefined index: _order E:\wamp\www\Tp\Admin\Runtime\Cache\fc73575304ffe6a06a61dd52ee406a2c.php 第 3 行.
NOTIC: [8] Undefined index: _sort E:\wamp\www\Tp\Admin\Runtime\Cache\fc73575304ffe6a06a61dd52ee406a2c.php 第 4 行.
SQL: SHOW COLUMNS FROM `group` [ RunTime:0.002695s ]
SQL: SELECT `id`,`title` FROM `group`  [ RunTime:0.000176s ]
NOTIC: [8] Use of undefined constant __PUBLIC__ - assumed '__PUBLIC__' E:\wamp\www\Tp\Admin\Common\common.php 第 70 行.
NOTIC: [8] Use of undefined constant __PUBLIC__ - assumed '__PUBLIC__' E:\wamp\www\Tp\Admin\Common\common.php 第 70 行.
NOTIC: [8] Use of undefined constant __PUBLIC__ - assumed '__PUBLIC__' E:\wamp\www\Tp\Admin\Common\common.php 第 70 行.
NOTIC: [8] Use of undefined constant __PUBLIC__ - assumed '__PUBLIC__' E:\wamp\www\Tp\Admin\Common\common.php 第 70 行.
NOTIC: [8] Use of undefined constant __PUBLIC__ - assumed '__PUBLIC__' E:\wamp\www\Tp\Admin\Common\common.php 第 70 行.
NOTIC: [8] Use of undefined constant __PUBLIC__ - assumed '__PUBLIC__' E:\wamp\www\Tp\Admin\Common\common.php 第 70 行.
INFO: ParseTemplate Behavior ::run [ RunTime:0.012251s ]
INFO: [ view_parse ] --END-- [ RunTime:0.012316s ]
INFO: [ view_filter ] --START--
INFO: ContentReplace Behavior ::run [ RunTime:0.000642s ]
INFO: TokenBuild Behavior ::run [ RunTime:0.000510s ]
INFO: WriteHtmlCache Behavior ::run [ RunTime:0.000409s ]
INFO: ShowRuntime Behavior ::run [ RunTime:0.000645s ]
INFO: [ view_filter ] --END-- [ RunTime:0.002380s ]
INFO: [ view_end ] --START--
INFO: ShowPageTrace Behavior ::run [ RunTime:0.000629s ]
INFO: [ view_end ] --END-- [ RunTime:0.000689s ]

[ 2015-11-16T11:05:23+08:00 ] 127.0.0.1 /Admin/
INFO: [ view_parse ] --START--
INFO: ParseTemplate Behavior ::run [ RunTime:0.009893s ]
INFO: [ view_parse ] --END-- [ RunTime:0.009989s ]
INFO: [ view_filter ] --START--
INFO: ContentReplace Behavior ::run [ RunTime:0.000638s ]
INFO: TokenBuild Behavior ::run [ RunTime:0.001524s ]
INFO: WriteHtmlCache Behavior ::run [ RunTime:0.000531s ]
INFO: ShowRuntime Behavior ::run [ RunTime:0.000660s ]
INFO: [ view_filter ] --END-- [ RunTime:0.003590s ]
INFO: [ view_end ] --START--
INFO: ShowPageTrace Behavior ::run [ RunTime:0.000798s ]
INFO: [ view_end ] --END-- [ RunTime:0.000868s ]

